#
# A fatal error has been detected by the Java Runtime Environment:
#
#  EXCEPTION_ACCESS_VIOLATION (0xc0000005) at pc=0x00007ffd53361970, pid=11812, tid=19948
#
# JRE version: OpenJDK Runtime Environment (11.0.10) (build 11.0.10+0-b96-7249189)
# Java VM: OpenJDK 64-Bit Server VM (11.0.10+0-b96-7249189, mixed mode, tiered, compressed oops, g1 gc, windows-amd64)
# Problematic frame:
# C  [native-platform-file-events.dll+0x41970]
#
# No core dump will be written. Minidumps are not enabled by default on client versions of Windows
#
# If you would like to submit a bug report, please visit:
#   https://bugreport.java.com/bugreport/crash.jsp
# The crash happened outside the Java Virtual Machine in native code.
# See problematic frame for where to report the bug.
#

---------------  S U M M A R Y ------------

Command Line: --add-opens=java.base/java.util=ALL-UNNAMED --add-opens=java.base/java.lang=ALL-UNNAMED --add-opens=java.base/java.lang.invoke=ALL-UNNAMED --add-opens=java.base/java.util=ALL-UNNAMED --add-opens=java.prefs/java.util.prefs=ALL-UNNAMED --add-opens=java.prefs/java.util.prefs=ALL-UNNAMED --add-opens=java.base/java.nio.charset=ALL-UNNAMED --add-opens=java.base/java.net=ALL-UNNAMED --add-opens=java.base/java.util.concurrent.atomic=ALL-UNNAMED -Xmx2048m -Dfile.encoding=UTF-8 -Duser.country=US -Duser.language=en -Duser.variant org.gradle.launcher.daemon.bootstrap.GradleDaemon 7.0.2

Host: Intel(R) Core(TM) i7-10700KF CPU @ 3.80GHz, 16 cores, 15G,  Windows 10 , 64 bit Build 19041 (10.0.19041.1202)
Time: Mon Oct 25 23:09:49 2021 Pacific Daylight Time elapsed time: 14.333258 seconds (0d 0h 0m 14s)

---------------  T H R E A D  ---------------

Current thread (0x000002d24409d800):  JavaThread "File watcher server" daemon [_thread_in_native, id=19948, stack(0x000000d792800000,0x000000d792900000)]

Stack: [0x000000d792800000,0x000000d792900000],  sp=0x000000d7928fe610,  free space=1017k
Native frames: (J=compiled Java code, j=interpreted, Vv=VM code, C=native code)
C  [native-platform-file-events.dll+0x41970]

Java frames: (J=compiled Java code, j=interpreted, Vv=VM code)
j  net.rubygrapefruit.platform.internal.jni.AbstractFileEventFunctions$NativeFileWatcher.executeRunLoop0(Ljava/lang/Object;)V+0
j  net.rubygrapefruit.platform.internal.jni.AbstractFileEventFunctions$NativeFileWatcher.access$100(Lnet/rubygrapefruit/platform/internal/jni/AbstractFileEventFunctions$NativeFileWatcher;Ljava/lang/Object;)V+2
j  net.rubygrapefruit.platform.internal.jni.AbstractFileEventFunctions$NativeFileWatcher$1.run()V+26
v  ~StubRoutines::call_stub

siginfo: EXCEPTION_ACCESS_VIOLATION (0xc0000005), reading address 0x0000000200000009


Register to memory mapping:

RIP=0x00007ffd53361970 native-platform-file-events.dll
RAX=0x0000000200000009 is an unknown value
RBX=0x0 is NULL
RCX=0x000000d7955fb8c8 is pointing into the stack for thread: 0x000002d245768800
RDX=0x0 is NULL
RSP=0x000000d7928fe610 is pointing into the stack for thread: 0x000002d24409d800
RBP=0x000000d7928fefd8 is pointing into the stack for thread: 0x000002d24409d800
RSI=0x000000d7955fb8c0 is pointing into the stack for thread: 0x000002d245768800
RDI=0x000000d7955fb880 is pointing into the stack for thread: 0x000002d245768800
R8 =0x000002d24bbc1e10 points into unknown readable memory: 0x0000000000000000 | 00 00 00 00 00 00 00 00
R9 =0x0000000000000001 is an unknown value
R10=0x000002d2241b0f60 points into unknown readable memory: 0x0000000000410001 | 01 00 41 00 00 00 00 00
R11=0x000000d7928fe300 is pointing into the stack for thread: 0x000002d24409d800
R12=0x0 is NULL
R13={method} {0x000002d246c56418} 'executeRunLoop0' '(Ljava/lang/Object;)V' in 'net/rubygrapefruit/platform/internal/jni/AbstractFileEventFunctions$NativeFileWatcher'
R14=0x0 is NULL
R15=0x000002d24409d800 is a thread


Registers:
RAX=0x0000000200000009, RBX=0x0000000000000000, RCX=0x000000d7955fb8c8, RDX=0x0000000000000000
RSP=0x000000d7928fe610, RBP=0x000000d7928fefd8, RSI=0x000000d7955fb8c0, RDI=0x000000d7955fb880
R8 =0x000002d24bbc1e10, R9 =0x0000000000000001, R10=0x000002d2241b0f60, R11=0x000000d7928fe300
R12=0x0000000000000000, R13=0x000002d246c56410, R14=0x0000000000000000, R15=0x000002d24409d800
RIP=0x00007ffd53361970, EFLAGS=0x0000000000010296

Top of Stack: (sp=0x000000d7928fe610)
0x000000d7928fe610:   000002d2241b0000 00007ffd3377388a
0x000000d7928fe620:   000002d24455cd50 00007ffd53340313
0x000000d7928fe630:   000002d24570f1a8 0000000000000070
0x000000d7928fe640:   0000dde64b796ce9 00007ffd5334a5b3
0x000000d7928fe650:   000000d7928ff000 000000d7955fb880
0x000000d7928fe660:   00007ffd5333da90 00007ffd53352ecb
0x000000d7928fe670:   000000d7955fb8c0 000002d223fe0000
0x000000d7928fe680:   0000000000000000 00007ffd53348bee
0x000000d7928fe690:   000002d24570f1a0 00007ffd53345dd6
0x000000d7928fe6a0:   000000d7955fb8c0 00007ffd7f37f05b
0x000000d7928fe6b0:   000002d24570f1a0 000002d24455cd50
0x000000d7928fe6c0:   000000000070006f 00007ffd53352292
0x000000d7928fe6d0:   000000d7928fe710 000000d7955fb8c0
0x000000d7928fe6e0:   00007ffd53320000 00007ffd00000000
0x000000d7928fe6f0:   00007ffd53325601 0000000000000000
0x000000d7928fe700:   0000000000000000 000002d22962f887 

Instructions: (pc=0x00007ffd53361970)
0x00007ffd53361870:   76 0b 00 48 89 01 48 83 c1 08 48 83 c4 28 48 ff
0x00007ffd53361880:   25 eb 57 0f 00 48 8d 05 d4 75 0b 00 45 33 c0 48
0x00007ffd53361890:   89 01 ba a0 0f 00 00 48 83 c1 08 48 83 c4 28 48
0x00007ffd533618a0:   ff 25 f2 57 0f 00 e8 f9 0c fc ff cc cc cc cc cc
0x00007ffd533618b0:   cc cc cc cc cc cc cc cc cc cc cc cc cc cc cc cc
0x00007ffd533618c0:   cc cc cc cc cc cc cc cc 48 83 c1 08 48 ff 25 d5
0x00007ffd533618d0:   57 0f 00 cc cc cc cc cc c2 00 00 cc 48 83 c1 08
0x00007ffd533618e0:   48 ff 25 a1 57 0f 00 cc cc cc cc cc 48 83 c1 08
0x00007ffd533618f0:   48 ff 25 89 57 0f 00 cc cc cc cc cc 48 89 5c 24
0x00007ffd53361900:   18 56 57 41 56 48 83 ec 40 48 8b 05 38 29 0e 00
0x00007ffd53361910:   48 33 c4 48 89 44 24 30 8b 01 4c 8b f2 0f ba f0
0x00007ffd53361920:   08 48 8b f1 83 f8 01 75 2c ff 15 09 57 0f 00 39
0x00007ffd53361930:   46 48 74 19 48 8d 4e 08 48 8b 01 48 8b 00 ff 15
0x00007ffd53361940:   dc 76 0f 00 ff 15 ee 56 0f 00 89 46 48 ff 46 4c
0x00007ffd53361950:   e9 f3 00 00 00 4d 85 f6 75 24 ff 15 d8 56 0f 00
0x00007ffd53361960:   39 46 48 0f 84 9d 00 00 00 48 8d 4e 08 48 8b 01
0x00007ffd53361970:   48 8b 00 ff 15 a7 76 0f 00 e9 88 00 00 00 48 83
0x00007ffd53361980:   3a 00 7c 62 75 06 83 7a 08 00 7e 5a ba 01 00 00
0x00007ffd53361990:   00 48 8d 4c 24 20 e8 21 2b fc ff 48 8b 44 24 20
0x00007ffd533619a0:   49 3b 06 7c 0c 75 7d 41 8b 46 08 39 44 24 28 7d
0x00007ffd533619b0:   73 ff 15 81 56 0f 00 39 46 48 74 4a 48 8b 46 08
0x00007ffd533619c0:   48 8d 54 24 20 49 8b ce 48 8b 58 10 e8 1c 36 fc
0x00007ffd533619d0:   ff 8b d0 48 8d 4e 08 48 8b c3 ff 15 40 76 0f 00
0x00007ffd533619e0:   84 c0 75 22 eb a6 ff 15 4c 56 0f 00 39 46 48 74
0x00007ffd533619f0:   15 48 8d 4e 08 48 8b 01 48 8b 40 08 ff 15 1e 76
0x00007ffd53361a00:   0f 00 84 c0 74 1e 8b 4e 4c 8d 41 01 89 46 4c 83
0x00007ffd53361a10:   f8 01 7e 2b f7 06 00 01 00 00 75 2c 89 4e 4c 4d
0x00007ffd53361a20:   85 f6 74 14 49 83 3e 00 75 07 41 83 7e 08 00 74
0x00007ffd53361a30:   07 b8 02 00 00 00 eb 12 b8 03 00 00 00 eb 0b ff
0x00007ffd53361a40:   15 f3 55 0f 00 89 46 48 33 c0 48 8b 4c 24 30 48
0x00007ffd53361a50:   33 cc e8 b5 20 fc ff 48 8b 5c 24 70 48 83 c4 40
0x00007ffd53361a60:   41 5e 5f 5e c3 cc cc cc cc cc cc cc cc cc cc cc 


Stack slot to memory mapping:
stack at sp + 0 slots: 0x000002d2241b0000 points into unknown readable memory: 0x0000000000000000 | 00 00 00 00 00 00 00 00
stack at sp + 1 slots: 0x00007ffd3377388a jvm.dll
stack at sp + 2 slots: 0x000002d24455cd50 points into unknown readable memory: 0x4c2895b200020071 | 71 00 02 00 b2 95 28 4c
stack at sp + 3 slots: 0x00007ffd53340313 native-platform-file-events.dll
stack at sp + 4 slots: 0x000002d24570f1a8 points into unknown readable memory: 0x6261696669646f6d | 6d 6f 64 69 66 69 61 62
stack at sp + 5 slots: 0x0000000000000070 is an unknown value
stack at sp + 6 slots: 0x0000dde64b796ce9 is an unknown value
stack at sp + 7 slots: 0x00007ffd5334a5b3 native-platform-file-events.dll


---------------  P R O C E S S  ---------------

Threads class SMR info:
_java_thread_list=0x000002d24ba75da0, length=85, elements={
0x000002d225b2a000, 0x000002d241ac5800, 0x000002d241ac9000, 0x000002d241b23800,
0x000002d241b26000, 0x000002d241b28000, 0x000002d241b2c000, 0x000002d241b32800,
0x000002d241b3e000, 0x000002d24125e000, 0x000002d241ca9800, 0x000002d2429c7800,
0x000002d243eb8800, 0x000002d24342e800, 0x000002d243fbc800, 0x000002d2445b9000,
0x000002d243d1f000, 0x000002d243bf6800, 0x000002d243f62800, 0x000002d243ca8000,
0x000002d243164000, 0x000002d244099800, 0x000002d24409b000, 0x000002d24409c800,
0x000002d24409b800, 0x000002d24409a000, 0x000002d24409d800, 0x000002d244097800,
0x000002d24409e000, 0x000002d244098800, 0x000002d24874d000, 0x000002d248749000,
0x000002d24874d800, 0x000002d24874e800, 0x000002d24874f800, 0x000002d24874a800,
0x000002d248752000, 0x000002d248756000, 0x000002d248756800, 0x000002d248752800,
0x000002d248753800, 0x000002d248751000, 0x000002d248757800, 0x000002d248754000,
0x000002d248755000, 0x000002d24a487000, 0x000002d24a486000, 0x000002d24a485000,
0x000002d24a489800, 0x000002d24a48c000, 0x000002d24a48a000, 0x000002d24a48c800,
0x000002d24a48d800, 0x000002d24a487800, 0x000002d24a48e000, 0x000002d24a48b000,
0x000002d24a488800, 0x000002d24a494000, 0x000002d24a491800, 0x000002d24a493000,
0x000002d24a490800, 0x000002d24a492800, 0x000002d24a48f000, 0x000002d24a490000,
0x000002d245767800, 0x000002d245766000, 0x000002d245764800, 0x000002d245769800,
0x000002d24576b000, 0x000002d245765800, 0x000002d245768800, 0x000002d24576c000,
0x000002d24576c800, 0x000002d245767000, 0x000002d245770000, 0x000002d24576e800,
0x000002d245772800, 0x000002d245770800, 0x000002d245773000, 0x000002d245771800,
0x000002d24576f000, 0x000002d24576d800, 0x000002d247daa000, 0x000002d247da5000,
0x000002d247da8800
}

Java Threads: ( => current thread )
  0x000002d225b2a000 JavaThread "main" [_thread_blocked, id=27464, stack(0x000000d78f700000,0x000000d78f800000)]
  0x000002d241ac5800 JavaThread "Reference Handler" daemon [_thread_blocked, id=2668, stack(0x000000d78fe00000,0x000000d78ff00000)]
  0x000002d241ac9000 JavaThread "Finalizer" daemon [_thread_blocked, id=10368, stack(0x000000d78ff00000,0x000000d790000000)]
  0x000002d241b23800 JavaThread "Signal Dispatcher" daemon [_thread_blocked, id=8012, stack(0x000000d790000000,0x000000d790100000)]
  0x000002d241b26000 JavaThread "Attach Listener" daemon [_thread_blocked, id=1916, stack(0x000000d790100000,0x000000d790200000)]
  0x000002d241b28000 JavaThread "Service Thread" daemon [_thread_blocked, id=27340, stack(0x000000d790200000,0x000000d790300000)]
  0x000002d241b2c000 JavaThread "C2 CompilerThread0" daemon [_thread_blocked, id=16896, stack(0x000000d790300000,0x000000d790400000)]
  0x000002d241b32800 JavaThread "C1 CompilerThread0" daemon [_thread_blocked, id=18748, stack(0x000000d790400000,0x000000d790500000)]
  0x000002d241b3e000 JavaThread "Sweeper thread" daemon [_thread_blocked, id=19648, stack(0x000000d790500000,0x000000d790600000)]
  0x000002d24125e000 JavaThread "C1 CompilerThread1" daemon [_thread_in_native, id=6336, stack(0x000000d790600000,0x000000d790700000)]
  0x000002d241ca9800 JavaThread "Common-Cleaner" daemon [_thread_blocked, id=23100, stack(0x000000d790700000,0x000000d790800000)]
  0x000002d2429c7800 JavaThread "C1 CompilerThread2" daemon [_thread_blocked, id=26768, stack(0x000000d790a00000,0x000000d790b00000)]
  0x000002d243eb8800 JavaThread "Daemon health stats" [_thread_blocked, id=17272, stack(0x000000d791200000,0x000000d791300000)]
  0x000002d24342e800 JavaThread "Incoming local TCP Connector on port 53928" [_thread_in_native, id=25860, stack(0x000000d791000000,0x000000d791100000)]
  0x000002d243fbc800 JavaThread "Daemon periodic checks" [_thread_blocked, id=19252, stack(0x000000d791300000,0x000000d791400000)]
  0x000002d2445b9000 JavaThread "Daemon" [_thread_blocked, id=11048, stack(0x000000d791400000,0x000000d791500000)]
  0x000002d243d1f000 JavaThread "Handler for socket connection from /127.0.0.1:53928 to /127.0.0.1:53929" [_thread_in_native, id=9920, stack(0x000000d791500000,0x000000d791600000)]
  0x000002d243bf6800 JavaThread "Cancel handler" [_thread_blocked, id=18592, stack(0x000000d791600000,0x000000d791700000)]
  0x000002d243f62800 JavaThread "Daemon worker" [_thread_blocked, id=23432, stack(0x000000d791700000,0x000000d791800000)]
  0x000002d243ca8000 JavaThread "Asynchronous log dispatcher for DefaultDaemonConnection: socket connection from /127.0.0.1:53928 to /127.0.0.1:53929" [_thread_blocked, id=26616, stack(0x000000d791800000,0x000000d791900000)]
  0x000002d243164000 JavaThread "Stdin handler" [_thread_blocked, id=2772, stack(0x000000d791900000,0x000000d791a00000)]
  0x000002d244099800 JavaThread "Daemon client event forwarder" [_thread_blocked, id=21312, stack(0x000000d791a00000,0x000000d791b00000)]
  0x000002d24409b000 JavaThread "Cache worker for file hash cache (C:\Users\Jared\.gradle\caches\7.0.2\fileHashes)" [_thread_blocked, id=12964, stack(0x000000d791b00000,0x000000d791c00000)]
  0x000002d24409c800 JavaThread "File lock request listener" [_thread_in_native, id=17236, stack(0x000000d791c00000,0x000000d791d00000)]
  0x000002d24409b800 JavaThread "Cache worker for journal cache (C:\Users\Jared\.gradle\caches\journal-1)" [_thread_blocked, id=18024, stack(0x000000d792600000,0x000000d792700000)]
  0x000002d24409a000 JavaThread "Cache worker for file hash cache (C:\Users\Jared\AndroidStudioProjects\AccGame\.gradle\7.0.2\fileHashes)" [_thread_blocked, id=24172, stack(0x000000d792700000,0x000000d792800000)]
=>0x000002d24409d800 JavaThread "File watcher server" daemon [_thread_in_native, id=19948, stack(0x000000d792800000,0x000000d792900000)]
  0x000002d244097800 JavaThread "File watcher consumer" daemon [_thread_blocked, id=15756, stack(0x000000d792900000,0x000000d792a00000)]
  0x000002d24409e000 JavaThread "Cache worker for checksums cache (C:\Users\Jared\AndroidStudioProjects\AccGame\.gradle\checksums)" [_thread_blocked, id=15684, stack(0x000000d792b00000,0x000000d792c00000)]
  0x000002d244098800 JavaThread "Cache worker for cache directory md-supplier (C:\Users\Jared\.gradle\caches\7.0.2\md-supplier)" [_thread_blocked, id=17460, stack(0x000000d792c00000,0x000000d792d00000)]
  0x000002d24874d000 JavaThread "Cache worker for cache directory md-rule (C:\Users\Jared\.gradle\caches\7.0.2\md-rule)" [_thread_blocked, id=1324, stack(0x000000d792d00000,0x000000d792e00000)]
  0x000002d248749000 JavaThread "Cache worker for execution history cache (C:\Users\Jared\.gradle\caches\7.0.2\executionHistory)" [_thread_blocked, id=19500, stack(0x000000d792e00000,0x000000d792f00000)]
  0x000002d24874d800 JavaThread "jar transforms" [_thread_blocked, id=16636, stack(0x000000d793200000,0x000000d793300000)]
  0x000002d24874e800 JavaThread "jar transforms Thread 2" [_thread_blocked, id=16688, stack(0x000000d793300000,0x000000d793400000)]
  0x000002d24874f800 JavaThread "Cache worker for file content cache (C:\Users\Jared\.gradle\caches\7.0.2\fileContent)" [_thread_blocked, id=20952, stack(0x000000d793400000,0x000000d793500000)]
  0x000002d24874a800 JavaThread "Cache worker for dependencies-accessors (C:\Users\Jared\AndroidStudioProjects\AccGame\.gradle\7.0.2\dependencies-accessors)" [_thread_blocked, id=16208, stack(0x000000d793500000,0x000000d793600000)]
  0x000002d248752000 JavaThread "jar transforms Thread 3" [_thread_blocked, id=10612, stack(0x000000d793600000,0x000000d793700000)]
  0x000002d248756000 JavaThread "Cache worker for Build Output Cleanup Cache (C:\Users\Jared\AndroidStudioProjects\AccGame\.gradle\buildOutputCleanup)" [_thread_blocked, id=20508, stack(0x000000d793700000,0x000000d793800000)]
  0x000002d248756800 JavaThread "Build operations" [_thread_blocked, id=17584, stack(0x000000d793800000,0x000000d793900000)]
  0x000002d248752800 JavaThread "Build operations Thread 2" [_thread_blocked, id=18344, stack(0x000000d793900000,0x000000d793a00000)]
  0x000002d248753800 JavaThread "Build operations Thread 3" [_thread_blocked, id=6324, stack(0x000000d793a00000,0x000000d793b00000)]
  0x000002d248751000 JavaThread "Build operations Thread 4" [_thread_blocked, id=21616, stack(0x000000d793b00000,0x000000d793c00000)]
  0x000002d248757800 JavaThread "Build operations Thread 5" [_thread_blocked, id=9472, stack(0x000000d793c00000,0x000000d793d00000)]
  0x000002d248754000 JavaThread "Build operations Thread 6" [_thread_blocked, id=1480, stack(0x000000d793d00000,0x000000d793e00000)]
  0x000002d248755000 JavaThread "Build operations Thread 7" [_thread_blocked, id=11400, stack(0x000000d793e00000,0x000000d793f00000)]
  0x000002d24a487000 JavaThread "Build operations Thread 8" [_thread_blocked, id=19136, stack(0x000000d793f00000,0x000000d794000000)]
  0x000002d24a486000 JavaThread "Build operations Thread 9" [_thread_blocked, id=13148, stack(0x000000d794000000,0x000000d794100000)]
  0x000002d24a485000 JavaThread "Build operations Thread 10" [_thread_blocked, id=20784, stack(0x000000d794100000,0x000000d794200000)]
  0x000002d24a489800 JavaThread "Build operations Thread 11" [_thread_blocked, id=21896, stack(0x000000d794200000,0x000000d794300000)]
  0x000002d24a48c000 JavaThread "Build operations Thread 12" [_thread_blocked, id=19640, stack(0x000000d794300000,0x000000d794400000)]
  0x000002d24a48a000 JavaThread "Build operations Thread 13" [_thread_blocked, id=15492, stack(0x000000d794400000,0x000000d794500000)]
  0x000002d24a48c800 JavaThread "Build operations Thread 14" [_thread_blocked, id=8336, stack(0x000000d794500000,0x000000d794600000)]
  0x000002d24a48d800 JavaThread "Build operations Thread 15" [_thread_blocked, id=13124, stack(0x000000d794600000,0x000000d794700000)]
  0x000002d24a487800 JavaThread "Build operations Thread 16" [_thread_blocked, id=18424, stack(0x000000d794700000,0x000000d794800000)]
  0x000002d24a48e000 JavaThread "jar transforms Thread 4" [_thread_blocked, id=2540, stack(0x000000d794800000,0x000000d794900000)]
  0x000002d24a48b000 JavaThread "jar transforms Thread 5" [_thread_blocked, id=13452, stack(0x000000d794900000,0x000000d794a00000)]
  0x000002d24a488800 JavaThread "jar transforms Thread 6" [_thread_blocked, id=21332, stack(0x000000d794a00000,0x000000d794b00000)]
  0x000002d24a494000 JavaThread "jar transforms Thread 7" [_thread_blocked, id=4400, stack(0x000000d794b00000,0x000000d794c00000)]
  0x000002d24a491800 JavaThread "jar transforms Thread 8" [_thread_blocked, id=13004, stack(0x000000d794c00000,0x000000d794d00000)]
  0x000002d24a493000 JavaThread "jar transforms Thread 9" [_thread_blocked, id=7632, stack(0x000000d794d00000,0x000000d794e00000)]
  0x000002d24a490800 JavaThread "jar transforms Thread 10" [_thread_blocked, id=15384, stack(0x000000d794e00000,0x000000d794f00000)]
  0x000002d24a492800 JavaThread "jar transforms Thread 11" [_thread_blocked, id=3536, stack(0x000000d794f00000,0x000000d795000000)]
  0x000002d24a48f000 JavaThread "jar transforms Thread 12" [_thread_blocked, id=25876, stack(0x000000d795000000,0x000000d795100000)]
  0x000002d24a490000 JavaThread "jar transforms Thread 13" [_thread_blocked, id=17588, stack(0x000000d795100000,0x000000d795200000)]
  0x000002d245767800 JavaThread "jar transforms Thread 14" [_thread_blocked, id=13256, stack(0x000000d795200000,0x000000d795300000)]
  0x000002d245766000 JavaThread "jar transforms Thread 15" [_thread_blocked, id=27216, stack(0x000000d795300000,0x000000d795400000)]
  0x000002d245764800 JavaThread "jar transforms Thread 16" [_thread_blocked, id=7276, stack(0x000000d795400000,0x000000d795500000)]
  0x000002d245769800 JavaThread "Memory manager" [_thread_blocked, id=13556, stack(0x000000d793000000,0x000000d793100000)]
  0x000002d24576b000 JavaThread "build event listener" [_thread_blocked, id=14284, stack(0x000000d792f00000,0x000000d793000000)]
  0x000002d245765800 JavaThread "Execution worker for ':'" [_thread_blocked, id=14936, stack(0x000000d793100000,0x000000d793200000)]
  0x000002d245768800 JavaThread "Execution worker for ':' Thread 2" [_thread_in_native, id=18948, stack(0x000000d795500000,0x000000d795600000)]
  0x000002d24576c000 JavaThread "Execution worker for ':' Thread 3" [_thread_blocked, id=19436, stack(0x000000d795600000,0x000000d795700000)]
  0x000002d24576c800 JavaThread "Execution worker for ':' Thread 4" [_thread_blocked, id=17768, stack(0x000000d795700000,0x000000d795800000)]
  0x000002d245767000 JavaThread "Execution worker for ':' Thread 5" [_thread_blocked, id=16040, stack(0x000000d795800000,0x000000d795900000)]
  0x000002d245770000 JavaThread "Execution worker for ':' Thread 6" [_thread_blocked, id=23296, stack(0x000000d795900000,0x000000d795a00000)]
  0x000002d24576e800 JavaThread "Execution worker for ':' Thread 7" [_thread_blocked, id=12436, stack(0x000000d795a00000,0x000000d795b00000)]
  0x000002d245772800 JavaThread "Execution worker for ':' Thread 8" [_thread_blocked, id=19632, stack(0x000000d795b00000,0x000000d795c00000)]
  0x000002d245770800 JavaThread "Execution worker for ':' Thread 9" [_thread_blocked, id=11860, stack(0x000000d795c00000,0x000000d795d00000)]
  0x000002d245773000 JavaThread "Execution worker for ':' Thread 10" [_thread_blocked, id=16924, stack(0x000000d795d00000,0x000000d795e00000)]
  0x000002d245771800 JavaThread "Execution worker for ':' Thread 11" [_thread_blocked, id=19736, stack(0x000000d795e00000,0x000000d795f00000)]
  0x000002d24576f000 JavaThread "Execution worker for ':' Thread 12" [_thread_blocked, id=19200, stack(0x000000d795f00000,0x000000d796000000)]
  0x000002d24576d800 JavaThread "Execution worker for ':' Thread 13" [_thread_blocked, id=27712, stack(0x000000d796000000,0x000000d796100000)]
  0x000002d247daa000 JavaThread "Execution worker for ':' Thread 14" [_thread_blocked, id=22372, stack(0x000000d796100000,0x000000d796200000)]
  0x000002d247da5000 JavaThread "Execution worker for ':' Thread 15" [_thread_blocked, id=9508, stack(0x000000d796200000,0x000000d796300000)]
  0x000002d247da8800 JavaThread "Cache worker for execution history cache (C:\Users\Jared\AndroidStudioProjects\AccGame\.gradle\7.0.2\executionHistory)" [_thread_blocked, id=4804, stack(0x000000d796300000,0x000000d796400000)]

Other Threads:
  0x000002d241ac0800 VMThread "VM Thread" [stack: 0x000000d78fd00000,0x000000d78fe00000] [id=17200]
  0x000002d241cd5000 WatcherThread [stack: 0x000000d790800000,0x000000d790900000] [id=24340]
  0x000002d225b46000 GCTaskThread "GC Thread#0" [stack: 0x000000d78f800000,0x000000d78f900000] [id=16948]
  0x000002d242714800 GCTaskThread "GC Thread#1" [stack: 0x000000d790b00000,0x000000d790c00000] [id=22220]
  0x000002d2426fd800 GCTaskThread "GC Thread#2" [stack: 0x000000d790c00000,0x000000d790d00000] [id=7612]
  0x000002d2426fe800 GCTaskThread "GC Thread#3" [stack: 0x000000d790d00000,0x000000d790e00000] [id=1736]
  0x000002d242344800 GCTaskThread "GC Thread#4" [stack: 0x000000d790e00000,0x000000d790f00000] [id=15892]
  0x000002d242345000 GCTaskThread "GC Thread#5" [stack: 0x000000d790f00000,0x000000d791000000] [id=24616]
  0x000002d243ff2800 GCTaskThread "GC Thread#6" [stack: 0x000000d791d00000,0x000000d791e00000] [id=16640]
  0x000002d242de9000 GCTaskThread "GC Thread#7" [stack: 0x000000d791e00000,0x000000d791f00000] [id=14072]
  0x000002d2435d5000 GCTaskThread "GC Thread#8" [stack: 0x000000d791f00000,0x000000d792000000] [id=20752]
  0x000002d24421e000 GCTaskThread "GC Thread#9" [stack: 0x000000d792000000,0x000000d792100000] [id=10736]
  0x000002d24359a000 GCTaskThread "GC Thread#10" [stack: 0x000000d792100000,0x000000d792200000] [id=12528]
  0x000002d2435fc800 GCTaskThread "GC Thread#11" [stack: 0x000000d792200000,0x000000d792300000] [id=10700]
  0x000002d243c69800 GCTaskThread "GC Thread#12" [stack: 0x000000d792300000,0x000000d792400000] [id=2284]
  0x000002d225b77000 ConcurrentGCThread "G1 Main Marker" [stack: 0x000000d78f900000,0x000000d78fa00000] [id=18100]
  0x000002d225b78800 ConcurrentGCThread "G1 Conc#0" [stack: 0x000000d78fa00000,0x000000d78fb00000] [id=2872]
  0x000002d2424e7000 ConcurrentGCThread "G1 Conc#1" [stack: 0x000000d792400000,0x000000d792500000] [id=14400]
  0x000002d243eae000 ConcurrentGCThread "G1 Conc#2" [stack: 0x000000d792500000,0x000000d792600000] [id=26416]
  0x000002d225c0e000 ConcurrentGCThread "G1 Refine#0" [stack: 0x000000d78fb00000,0x000000d78fc00000] [id=17188]
  0x000002d24110b800 ConcurrentGCThread "G1 Young RemSet Sampling" [stack: 0x000000d78fc00000,0x000000d78fd00000] [id=10620]

Threads with active compile tasks:

VM state:not at safepoint (normal execution)

VM Mutex/Monitor currently owned by a thread: None

Heap address: 0x0000000080000000, size: 2048 MB, Compressed Oops mode: 32-bit
Narrow klass base: 0x0000000000000000, Narrow klass shift: 3
Compressed class space size: 1073741824 Address: 0x0000000100000000

Heap:
 garbage-first heap   total 262144K, used 121534K [0x0000000080000000, 0x0000000100000000)
  region size 1024K, 80 young (81920K), 11 survivors (11264K)
 Metaspace       used 78148K, capacity 80144K, committed 80252K, reserved 1118208K
  class space    used 10239K, capacity 11005K, committed 11008K, reserved 1048576K
Heap Regions: E=young(eden), S=young(survivor), O=old, HS=humongous(starts), HC=humongous(continues), CS=collection set, F=free, A=archive, TAMS=top-at-mark-start (previous, next)
|   0|0x0000000080000000, 0x0000000080100000, 0x0000000080100000|100%| O|  |TAMS 0x0000000080100000, 0x0000000080000000| Untracked 
|   1|0x0000000080100000, 0x0000000080200000, 0x0000000080200000|100%| O|  |TAMS 0x0000000080200000, 0x0000000080100000| Untracked 
|   2|0x0000000080200000, 0x0000000080300000, 0x0000000080300000|100%| O|  |TAMS 0x0000000080300000, 0x0000000080200000| Untracked 
|   3|0x0000000080300000, 0x0000000080400000, 0x0000000080400000|100%|HS|  |TAMS 0x0000000080400000, 0x0000000080300000| Complete 
|   4|0x0000000080400000, 0x0000000080500000, 0x0000000080500000|100%|HC|  |TAMS 0x0000000080500000, 0x0000000080400000| Complete 
|   5|0x0000000080500000, 0x0000000080600000, 0x0000000080600000|100%|HC|  |TAMS 0x0000000080600000, 0x0000000080500000| Complete 
|   6|0x0000000080600000, 0x0000000080700000, 0x0000000080700000|100%| O|  |TAMS 0x0000000080700000, 0x0000000080600000| Untracked 
|   7|0x0000000080700000, 0x0000000080800000, 0x0000000080800000|100%| O|  |TAMS 0x0000000080800000, 0x0000000080700000| Untracked 
|   8|0x0000000080800000, 0x0000000080900000, 0x0000000080900000|100%| O|  |TAMS 0x0000000080900000, 0x0000000080800000| Untracked 
|   9|0x0000000080900000, 0x0000000080a00000, 0x0000000080a00000|100%| O|  |TAMS 0x0000000080a00000, 0x0000000080900000| Untracked 
|  10|0x0000000080a00000, 0x0000000080b00000, 0x0000000080b00000|100%| O|  |TAMS 0x0000000080b00000, 0x0000000080a00000| Untracked 
|  11|0x0000000080b00000, 0x0000000080c00000, 0x0000000080c00000|100%| O|  |TAMS 0x0000000080c00000, 0x0000000080b00000| Untracked 
|  12|0x0000000080c00000, 0x0000000080d00000, 0x0000000080d00000|100%| O|  |TAMS 0x0000000080d00000, 0x0000000080c00000| Untracked 
|  13|0x0000000080d00000, 0x0000000080e00000, 0x0000000080e00000|100%| O|  |TAMS 0x0000000080e00000, 0x0000000080d00000| Untracked 
|  14|0x0000000080e00000, 0x0000000080f00000, 0x0000000080f00000|100%| O|  |TAMS 0x0000000080f00000, 0x0000000080e00000| Untracked 
|  15|0x0000000080f00000, 0x0000000081000000, 0x0000000081000000|100%| O|  |TAMS 0x0000000081000000, 0x0000000080f00000| Untracked 
|  16|0x0000000081000000, 0x0000000081100000, 0x0000000081100000|100%|HS|  |TAMS 0x0000000081100000, 0x0000000081000000| Complete 
|  17|0x0000000081100000, 0x0000000081200000, 0x0000000081200000|100%|HS|  |TAMS 0x0000000081200000, 0x0000000081100000| Complete 
|  18|0x0000000081200000, 0x0000000081300000, 0x0000000081300000|100%|HS|  |TAMS 0x0000000081300000, 0x0000000081200000| Complete 
|  19|0x0000000081300000, 0x0000000081400000, 0x0000000081400000|100%|HC|  |TAMS 0x0000000081400000, 0x0000000081300000| Complete 
|  20|0x0000000081400000, 0x0000000081500000, 0x0000000081500000|100%| O|  |TAMS 0x0000000081500000, 0x0000000081400000| Untracked 
|  21|0x0000000081500000, 0x0000000081600000, 0x0000000081600000|100%| O|  |TAMS 0x0000000081600000, 0x0000000081500000| Untracked 
|  22|0x0000000081600000, 0x0000000081700000, 0x0000000081700000|100%| O|  |TAMS 0x0000000081700000, 0x0000000081600000| Untracked 
|  23|0x0000000081700000, 0x0000000081800000, 0x0000000081800000|100%| O|  |TAMS 0x0000000081800000, 0x0000000081700000| Untracked 
|  24|0x0000000081800000, 0x0000000081900000, 0x0000000081900000|100%| O|  |TAMS 0x0000000081900000, 0x0000000081800000| Untracked 
|  25|0x0000000081900000, 0x0000000081a00000, 0x0000000081a00000|100%| O|  |TAMS 0x0000000081a00000, 0x0000000081900000| Untracked 
|  26|0x0000000081a00000, 0x0000000081b00000, 0x0000000081b00000|100%| O|  |TAMS 0x0000000081b00000, 0x0000000081a00000| Untracked 
|  27|0x0000000081b00000, 0x0000000081c00000, 0x0000000081c00000|100%| O|  |TAMS 0x0000000081c00000, 0x0000000081b00000| Untracked 
|  28|0x0000000081c00000, 0x0000000081d00000, 0x0000000081d00000|100%| O|  |TAMS 0x0000000081d00000, 0x0000000081c00000| Untracked 
|  29|0x0000000081d00000, 0x0000000081e00000, 0x0000000081e00000|100%| O|  |TAMS 0x0000000081e00000, 0x0000000081d00000| Untracked 
|  30|0x0000000081e00000, 0x0000000081f00000, 0x0000000081f00000|100%| O|  |TAMS 0x0000000081f00000, 0x0000000081e00000| Untracked 
|  31|0x0000000081f00000, 0x0000000082000000, 0x0000000082000000|100%| O|  |TAMS 0x0000000082000000, 0x0000000081f00000| Untracked 
|  32|0x0000000082000000, 0x0000000082100000, 0x0000000082100000|100%| O|  |TAMS 0x0000000082100000, 0x0000000082000000| Untracked 
|  33|0x0000000082100000, 0x0000000082200000, 0x0000000082200000|100%| O|  |TAMS 0x0000000082200000, 0x0000000082100000| Untracked 
|  34|0x0000000082200000, 0x0000000082300000, 0x0000000082300000|100%| O|  |TAMS 0x0000000082300000, 0x0000000082200000| Untracked 
|  35|0x0000000082300000, 0x0000000082400000, 0x0000000082400000|100%| O|  |TAMS 0x0000000082400000, 0x0000000082300000| Untracked 
|  36|0x0000000082400000, 0x0000000082500000, 0x0000000082500000|100%| O|  |TAMS 0x0000000082500000, 0x0000000082400000| Untracked 
|  37|0x0000000082500000, 0x0000000082600000, 0x0000000082600000|100%| O|  |TAMS 0x0000000082600000, 0x0000000082500000| Untracked 
|  38|0x0000000082600000, 0x0000000082700000, 0x0000000082700000|100%| O|  |TAMS 0x0000000082700000, 0x0000000082600000| Untracked 
|  39|0x0000000082700000, 0x0000000082800000, 0x0000000082800000|100%| O|  |TAMS 0x0000000082800000, 0x0000000082700000| Untracked 
|  40|0x0000000082800000, 0x00000000828c6800, 0x0000000082900000| 77%| O|  |TAMS 0x00000000828c6800, 0x0000000082800000| Untracked 
|  41|0x0000000082900000, 0x0000000082900000, 0x0000000082a00000|  0%| F|  |TAMS 0x0000000082900000, 0x0000000082900000| Untracked 
|  42|0x0000000082a00000, 0x0000000082a00000, 0x0000000082b00000|  0%| F|  |TAMS 0x0000000082a00000, 0x0000000082a00000| Untracked 
|  43|0x0000000082b00000, 0x0000000082b00000, 0x0000000082c00000|  0%| F|  |TAMS 0x0000000082b00000, 0x0000000082b00000| Untracked 
|  44|0x0000000082c00000, 0x0000000082c00000, 0x0000000082d00000|  0%| F|  |TAMS 0x0000000082c00000, 0x0000000082c00000| Untracked 
|  45|0x0000000082d00000, 0x0000000082d00000, 0x0000000082e00000|  0%| F|  |TAMS 0x0000000082d00000, 0x0000000082d00000| Untracked 
|  46|0x0000000082e00000, 0x0000000082e00000, 0x0000000082f00000|  0%| F|  |TAMS 0x0000000082e00000, 0x0000000082e00000| Untracked 
|  47|0x0000000082f00000, 0x0000000082f00000, 0x0000000083000000|  0%| F|  |TAMS 0x0000000082f00000, 0x0000000082f00000| Untracked 
|  48|0x0000000083000000, 0x0000000083000000, 0x0000000083100000|  0%| F|  |TAMS 0x0000000083000000, 0x0000000083000000| Untracked 
|  49|0x0000000083100000, 0x0000000083100000, 0x0000000083200000|  0%| F|  |TAMS 0x0000000083100000, 0x0000000083100000| Untracked 
|  50|0x0000000083200000, 0x0000000083200000, 0x0000000083300000|  0%| F|  |TAMS 0x0000000083200000, 0x0000000083200000| Untracked 
|  51|0x0000000083300000, 0x0000000083300000, 0x0000000083400000|  0%| F|  |TAMS 0x0000000083300000, 0x0000000083300000| Untracked 
|  52|0x0000000083400000, 0x0000000083400000, 0x0000000083500000|  0%| F|  |TAMS 0x0000000083400000, 0x0000000083400000| Untracked 
|  53|0x0000000083500000, 0x0000000083500000, 0x0000000083600000|  0%| F|  |TAMS 0x0000000083500000, 0x0000000083500000| Untracked 
|  54|0x0000000083600000, 0x0000000083600000, 0x0000000083700000|  0%| F|  |TAMS 0x0000000083600000, 0x0000000083600000| Untracked 
|  55|0x0000000083700000, 0x0000000083700000, 0x0000000083800000|  0%| F|  |TAMS 0x0000000083700000, 0x0000000083700000| Untracked 
|  56|0x0000000083800000, 0x0000000083800000, 0x0000000083900000|  0%| F|  |TAMS 0x0000000083800000, 0x0000000083800000| Untracked 
|  57|0x0000000083900000, 0x0000000083900000, 0x0000000083a00000|  0%| F|  |TAMS 0x0000000083900000, 0x0000000083900000| Untracked 
|  58|0x0000000083a00000, 0x0000000083a00000, 0x0000000083b00000|  0%| F|  |TAMS 0x0000000083a00000, 0x0000000083a00000| Untracked 
|  59|0x0000000083b00000, 0x0000000083b00000, 0x0000000083c00000|  0%| F|  |TAMS 0x0000000083b00000, 0x0000000083b00000| Untracked 
|  60|0x0000000083c00000, 0x0000000083c00000, 0x0000000083d00000|  0%| F|  |TAMS 0x0000000083c00000, 0x0000000083c00000| Untracked 
|  61|0x0000000083d00000, 0x0000000083d00000, 0x0000000083e00000|  0%| F|  |TAMS 0x0000000083d00000, 0x0000000083d00000| Untracked 
|  62|0x0000000083e00000, 0x0000000083e00000, 0x0000000083f00000|  0%| F|  |TAMS 0x0000000083e00000, 0x0000000083e00000| Untracked 
|  63|0x0000000083f00000, 0x0000000083f00000, 0x0000000084000000|  0%| F|  |TAMS 0x0000000083f00000, 0x0000000083f00000| Untracked 
|  64|0x0000000084000000, 0x0000000084000000, 0x0000000084100000|  0%| F|  |TAMS 0x0000000084000000, 0x0000000084000000| Untracked 
|  65|0x0000000084100000, 0x0000000084100000, 0x0000000084200000|  0%| F|  |TAMS 0x0000000084100000, 0x0000000084100000| Untracked 
|  66|0x0000000084200000, 0x0000000084200000, 0x0000000084300000|  0%| F|  |TAMS 0x0000000084200000, 0x0000000084200000| Untracked 
|  67|0x0000000084300000, 0x0000000084300000, 0x0000000084400000|  0%| F|  |TAMS 0x0000000084300000, 0x0000000084300000| Untracked 
|  68|0x0000000084400000, 0x0000000084400000, 0x0000000084500000|  0%| F|  |TAMS 0x0000000084400000, 0x0000000084400000| Untracked 
|  69|0x0000000084500000, 0x0000000084500000, 0x0000000084600000|  0%| F|  |TAMS 0x0000000084500000, 0x0000000084500000| Untracked 
|  70|0x0000000084600000, 0x0000000084600000, 0x0000000084700000|  0%| F|  |TAMS 0x0000000084600000, 0x0000000084600000| Untracked 
|  71|0x0000000084700000, 0x0000000084700000, 0x0000000084800000|  0%| F|  |TAMS 0x0000000084700000, 0x0000000084700000| Untracked 
|  72|0x0000000084800000, 0x0000000084800000, 0x0000000084900000|  0%| F|  |TAMS 0x0000000084800000, 0x0000000084800000| Untracked 
|  73|0x0000000084900000, 0x0000000084900000, 0x0000000084a00000|  0%| F|  |TAMS 0x0000000084900000, 0x0000000084900000| Untracked 
|  74|0x0000000084a00000, 0x0000000084a00000, 0x0000000084b00000|  0%| F|  |TAMS 0x0000000084a00000, 0x0000000084a00000| Untracked 
|  75|0x0000000084b00000, 0x0000000084b00000, 0x0000000084c00000|  0%| F|  |TAMS 0x0000000084b00000, 0x0000000084b00000| Untracked 
|  76|0x0000000084c00000, 0x0000000084c00000, 0x0000000084d00000|  0%| F|  |TAMS 0x0000000084c00000, 0x0000000084c00000| Untracked 
|  77|0x0000000084d00000, 0x0000000084d00000, 0x0000000084e00000|  0%| F|  |TAMS 0x0000000084d00000, 0x0000000084d00000| Untracked 
|  78|0x0000000084e00000, 0x0000000084e00000, 0x0000000084f00000|  0%| F|  |TAMS 0x0000000084e00000, 0x0000000084e00000| Untracked 
|  79|0x0000000084f00000, 0x0000000084f00000, 0x0000000085000000|  0%| F|  |TAMS 0x0000000084f00000, 0x0000000084f00000| Untracked 
|  80|0x0000000085000000, 0x0000000085000000, 0x0000000085100000|  0%| F|  |TAMS 0x0000000085000000, 0x0000000085000000| Untracked 
|  81|0x0000000085100000, 0x0000000085100000, 0x0000000085200000|  0%| F|  |TAMS 0x0000000085100000, 0x0000000085100000| Untracked 
|  82|0x0000000085200000, 0x0000000085200000, 0x0000000085300000|  0%| F|  |TAMS 0x0000000085200000, 0x0000000085200000| Untracked 
|  83|0x0000000085300000, 0x0000000085300000, 0x0000000085400000|  0%| F|  |TAMS 0x0000000085300000, 0x0000000085300000| Untracked 
|  84|0x0000000085400000, 0x0000000085400000, 0x0000000085500000|  0%| F|  |TAMS 0x0000000085400000, 0x0000000085400000| Untracked 
|  85|0x0000000085500000, 0x0000000085500000, 0x0000000085600000|  0%| F|  |TAMS 0x0000000085500000, 0x0000000085500000| Untracked 
|  86|0x0000000085600000, 0x0000000085600000, 0x0000000085700000|  0%| F|  |TAMS 0x0000000085600000, 0x0000000085600000| Untracked 
|  87|0x0000000085700000, 0x0000000085700000, 0x0000000085800000|  0%| F|  |TAMS 0x0000000085700000, 0x0000000085700000| Untracked 
|  88|0x0000000085800000, 0x0000000085800000, 0x0000000085900000|  0%| F|  |TAMS 0x0000000085800000, 0x0000000085800000| Untracked 
|  89|0x0000000085900000, 0x0000000085900000, 0x0000000085a00000|  0%| F|  |TAMS 0x0000000085900000, 0x0000000085900000| Untracked 
|  90|0x0000000085a00000, 0x0000000085a00000, 0x0000000085b00000|  0%| F|  |TAMS 0x0000000085a00000, 0x0000000085a00000| Untracked 
|  91|0x0000000085b00000, 0x0000000085b00000, 0x0000000085c00000|  0%| F|  |TAMS 0x0000000085b00000, 0x0000000085b00000| Untracked 
|  92|0x0000000085c00000, 0x0000000085c00000, 0x0000000085d00000|  0%| F|  |TAMS 0x0000000085c00000, 0x0000000085c00000| Untracked 
|  93|0x0000000085d00000, 0x0000000085d00000, 0x0000000085e00000|  0%| F|  |TAMS 0x0000000085d00000, 0x0000000085d00000| Untracked 
|  94|0x0000000085e00000, 0x0000000085e00000, 0x0000000085f00000|  0%| F|  |TAMS 0x0000000085e00000, 0x0000000085e00000| Untracked 
|  95|0x0000000085f00000, 0x0000000085f00000, 0x0000000086000000|  0%| F|  |TAMS 0x0000000085f00000, 0x0000000085f00000| Untracked 
|  96|0x0000000086000000, 0x0000000086000000, 0x0000000086100000|  0%| F|  |TAMS 0x0000000086000000, 0x0000000086000000| Untracked 
|  97|0x0000000086100000, 0x0000000086100000, 0x0000000086200000|  0%| F|  |TAMS 0x0000000086100000, 0x0000000086100000| Untracked 
|  98|0x0000000086200000, 0x0000000086200000, 0x0000000086300000|  0%| F|  |TAMS 0x0000000086200000, 0x0000000086200000| Untracked 
|  99|0x0000000086300000, 0x0000000086300000, 0x0000000086400000|  0%| F|  |TAMS 0x0000000086300000, 0x0000000086300000| Untracked 
| 100|0x0000000086400000, 0x0000000086400000, 0x0000000086500000|  0%| F|  |TAMS 0x0000000086400000, 0x0000000086400000| Untracked 
| 101|0x0000000086500000, 0x0000000086500000, 0x0000000086600000|  0%| F|  |TAMS 0x0000000086500000, 0x0000000086500000| Untracked 
| 102|0x0000000086600000, 0x00000000866e91f0, 0x0000000086700000| 91%| S|CS|TAMS 0x0000000086600000, 0x0000000086600000| Complete 
| 103|0x0000000086700000, 0x0000000086800000, 0x0000000086800000|100%| S|CS|TAMS 0x0000000086700000, 0x0000000086700000| Complete 
| 104|0x0000000086800000, 0x0000000086900000, 0x0000000086900000|100%| S|CS|TAMS 0x0000000086800000, 0x0000000086800000| Complete 
| 105|0x0000000086900000, 0x0000000086a00000, 0x0000000086a00000|100%| S|CS|TAMS 0x0000000086900000, 0x0000000086900000| Complete 
| 106|0x0000000086a00000, 0x0000000086b00000, 0x0000000086b00000|100%| S|CS|TAMS 0x0000000086a00000, 0x0000000086a00000| Complete 
| 107|0x0000000086b00000, 0x0000000086c00000, 0x0000000086c00000|100%| S|CS|TAMS 0x0000000086b00000, 0x0000000086b00000| Complete 
| 108|0x0000000086c00000, 0x0000000086d00000, 0x0000000086d00000|100%| S|CS|TAMS 0x0000000086c00000, 0x0000000086c00000| Complete 
| 109|0x0000000086d00000, 0x0000000086e00000, 0x0000000086e00000|100%| S|CS|TAMS 0x0000000086d00000, 0x0000000086d00000| Complete 
| 110|0x0000000086e00000, 0x0000000086f00000, 0x0000000086f00000|100%| S|CS|TAMS 0x0000000086e00000, 0x0000000086e00000| Complete 
| 111|0x0000000086f00000, 0x0000000087000000, 0x0000000087000000|100%| S|CS|TAMS 0x0000000086f00000, 0x0000000086f00000| Complete 
| 112|0x0000000087000000, 0x0000000087100000, 0x0000000087100000|100%| S|CS|TAMS 0x0000000087000000, 0x0000000087000000| Complete 
| 113|0x0000000087100000, 0x0000000087100000, 0x0000000087200000|  0%| F|  |TAMS 0x0000000087100000, 0x0000000087100000| Untracked 
| 114|0x0000000087200000, 0x0000000087200000, 0x0000000087300000|  0%| F|  |TAMS 0x0000000087200000, 0x0000000087200000| Untracked 
| 115|0x0000000087300000, 0x0000000087300000, 0x0000000087400000|  0%| F|  |TAMS 0x0000000087300000, 0x0000000087300000| Untracked 
| 116|0x0000000087400000, 0x0000000087400000, 0x0000000087500000|  0%| F|  |TAMS 0x0000000087400000, 0x0000000087400000| Untracked 
| 117|0x0000000087500000, 0x0000000087500000, 0x0000000087600000|  0%| F|  |TAMS 0x0000000087500000, 0x0000000087500000| Untracked 
| 118|0x0000000087600000, 0x0000000087600000, 0x0000000087700000|  0%| F|  |TAMS 0x0000000087600000, 0x0000000087600000| Untracked 
| 119|0x0000000087700000, 0x0000000087700000, 0x0000000087800000|  0%| F|  |TAMS 0x0000000087700000, 0x0000000087700000| Untracked 
| 120|0x0000000087800000, 0x0000000087800000, 0x0000000087900000|  0%| F|  |TAMS 0x0000000087800000, 0x0000000087800000| Untracked 
| 121|0x0000000087900000, 0x0000000087900000, 0x0000000087a00000|  0%| F|  |TAMS 0x0000000087900000, 0x0000000087900000| Untracked 
| 122|0x0000000087a00000, 0x0000000087a00000, 0x0000000087b00000|  0%| F|  |TAMS 0x0000000087a00000, 0x0000000087a00000| Untracked 
| 123|0x0000000087b00000, 0x0000000087b00000, 0x0000000087c00000|  0%| F|  |TAMS 0x0000000087b00000, 0x0000000087b00000| Untracked 
| 124|0x0000000087c00000, 0x0000000087c00000, 0x0000000087d00000|  0%| F|  |TAMS 0x0000000087c00000, 0x0000000087c00000| Untracked 
| 125|0x0000000087d00000, 0x0000000087d00000, 0x0000000087e00000|  0%| F|  |TAMS 0x0000000087d00000, 0x0000000087d00000| Untracked 
| 126|0x0000000087e00000, 0x0000000087e00000, 0x0000000087f00000|  0%| F|  |TAMS 0x0000000087e00000, 0x0000000087e00000| Untracked 
| 127|0x0000000087f00000, 0x0000000087f00000, 0x0000000088000000|  0%| F|  |TAMS 0x0000000087f00000, 0x0000000087f00000| Untracked 
| 128|0x0000000088000000, 0x0000000088000000, 0x0000000088100000|  0%| F|  |TAMS 0x0000000088000000, 0x0000000088000000| Untracked 
| 129|0x0000000088100000, 0x0000000088100000, 0x0000000088200000|  0%| F|  |TAMS 0x0000000088100000, 0x0000000088100000| Untracked 
| 130|0x0000000088200000, 0x0000000088200000, 0x0000000088300000|  0%| F|  |TAMS 0x0000000088200000, 0x0000000088200000| Untracked 
| 131|0x0000000088300000, 0x0000000088300000, 0x0000000088400000|  0%| F|  |TAMS 0x0000000088300000, 0x0000000088300000| Untracked 
| 132|0x0000000088400000, 0x0000000088400000, 0x0000000088500000|  0%| F|  |TAMS 0x0000000088400000, 0x0000000088400000| Untracked 
| 133|0x0000000088500000, 0x0000000088500000, 0x0000000088600000|  0%| F|  |TAMS 0x0000000088500000, 0x0000000088500000| Untracked 
| 134|0x0000000088600000, 0x0000000088600000, 0x0000000088700000|  0%| F|  |TAMS 0x0000000088600000, 0x0000000088600000| Untracked 
| 135|0x0000000088700000, 0x0000000088700000, 0x0000000088800000|  0%| F|  |TAMS 0x0000000088700000, 0x0000000088700000| Untracked 
| 136|0x0000000088800000, 0x0000000088800000, 0x0000000088900000|  0%| F|  |TAMS 0x0000000088800000, 0x0000000088800000| Untracked 
| 137|0x0000000088900000, 0x0000000088900000, 0x0000000088a00000|  0%| F|  |TAMS 0x0000000088900000, 0x0000000088900000| Untracked 
| 138|0x0000000088a00000, 0x0000000088a00000, 0x0000000088b00000|  0%| F|  |TAMS 0x0000000088a00000, 0x0000000088a00000| Untracked 
| 139|0x0000000088b00000, 0x0000000088b00000, 0x0000000088c00000|  0%| F|  |TAMS 0x0000000088b00000, 0x0000000088b00000| Untracked 
| 140|0x0000000088c00000, 0x0000000088c00000, 0x0000000088d00000|  0%| F|  |TAMS 0x0000000088c00000, 0x0000000088c00000| Untracked 
| 141|0x0000000088d00000, 0x0000000088d00000, 0x0000000088e00000|  0%| F|  |TAMS 0x0000000088d00000, 0x0000000088d00000| Untracked 
| 142|0x0000000088e00000, 0x0000000088e00000, 0x0000000088f00000|  0%| F|  |TAMS 0x0000000088e00000, 0x0000000088e00000| Untracked 
| 143|0x0000000088f00000, 0x0000000088f00000, 0x0000000089000000|  0%| F|  |TAMS 0x0000000088f00000, 0x0000000088f00000| Untracked 
| 144|0x0000000089000000, 0x0000000089000000, 0x0000000089100000|  0%| F|  |TAMS 0x0000000089000000, 0x0000000089000000| Untracked 
| 145|0x0000000089100000, 0x0000000089100000, 0x0000000089200000|  0%| F|  |TAMS 0x0000000089100000, 0x0000000089100000| Untracked 
| 146|0x0000000089200000, 0x0000000089200000, 0x0000000089300000|  0%| F|  |TAMS 0x0000000089200000, 0x0000000089200000| Untracked 
| 147|0x0000000089300000, 0x0000000089300000, 0x0000000089400000|  0%| F|  |TAMS 0x0000000089300000, 0x0000000089300000| Untracked 
| 148|0x0000000089400000, 0x0000000089400000, 0x0000000089500000|  0%| F|  |TAMS 0x0000000089400000, 0x0000000089400000| Untracked 
| 149|0x0000000089500000, 0x0000000089500000, 0x0000000089600000|  0%| F|  |TAMS 0x0000000089500000, 0x0000000089500000| Untracked 
| 150|0x0000000089600000, 0x0000000089600000, 0x0000000089700000|  0%| F|  |TAMS 0x0000000089600000, 0x0000000089600000| Untracked 
| 151|0x0000000089700000, 0x0000000089700000, 0x0000000089800000|  0%| F|  |TAMS 0x0000000089700000, 0x0000000089700000| Untracked 
| 152|0x0000000089800000, 0x0000000089800000, 0x0000000089900000|  0%| F|  |TAMS 0x0000000089800000, 0x0000000089800000| Untracked 
| 153|0x0000000089900000, 0x0000000089900000, 0x0000000089a00000|  0%| F|  |TAMS 0x0000000089900000, 0x0000000089900000| Untracked 
| 154|0x0000000089a00000, 0x0000000089a00000, 0x0000000089b00000|  0%| F|  |TAMS 0x0000000089a00000, 0x0000000089a00000| Untracked 
| 155|0x0000000089b00000, 0x0000000089b00000, 0x0000000089c00000|  0%| F|  |TAMS 0x0000000089b00000, 0x0000000089b00000| Untracked 
| 156|0x0000000089c00000, 0x0000000089c00000, 0x0000000089d00000|  0%| F|  |TAMS 0x0000000089c00000, 0x0000000089c00000| Untracked 
| 157|0x0000000089d00000, 0x0000000089d00000, 0x0000000089e00000|  0%| F|  |TAMS 0x0000000089d00000, 0x0000000089d00000| Untracked 
| 158|0x0000000089e00000, 0x0000000089e00000, 0x0000000089f00000|  0%| F|  |TAMS 0x0000000089e00000, 0x0000000089e00000| Untracked 
| 159|0x0000000089f00000, 0x0000000089f00000, 0x000000008a000000|  0%| F|  |TAMS 0x0000000089f00000, 0x0000000089f00000| Untracked 
| 160|0x000000008a000000, 0x000000008a000000, 0x000000008a100000|  0%| F|  |TAMS 0x000000008a000000, 0x000000008a000000| Untracked 
| 161|0x000000008a100000, 0x000000008a100000, 0x000000008a200000|  0%| F|  |TAMS 0x000000008a100000, 0x000000008a100000| Untracked 
| 162|0x000000008a200000, 0x000000008a200000, 0x000000008a300000|  0%| F|  |TAMS 0x000000008a200000, 0x000000008a200000| Untracked 
| 163|0x000000008a300000, 0x000000008a300000, 0x000000008a400000|  0%| F|  |TAMS 0x000000008a300000, 0x000000008a300000| Untracked 
| 164|0x000000008a400000, 0x000000008a400000, 0x000000008a500000|  0%| F|  |TAMS 0x000000008a400000, 0x000000008a400000| Untracked 
| 165|0x000000008a500000, 0x000000008a500000, 0x000000008a600000|  0%| F|  |TAMS 0x000000008a500000, 0x000000008a500000| Untracked 
| 166|0x000000008a600000, 0x000000008a600000, 0x000000008a700000|  0%| F|  |TAMS 0x000000008a600000, 0x000000008a600000| Untracked 
| 167|0x000000008a700000, 0x000000008a700000, 0x000000008a800000|  0%| F|  |TAMS 0x000000008a700000, 0x000000008a700000| Untracked 
| 168|0x000000008a800000, 0x000000008a800000, 0x000000008a900000|  0%| F|  |TAMS 0x000000008a800000, 0x000000008a800000| Untracked 
| 169|0x000000008a900000, 0x000000008a900000, 0x000000008aa00000|  0%| F|  |TAMS 0x000000008a900000, 0x000000008a900000| Untracked 
| 170|0x000000008aa00000, 0x000000008aa00000, 0x000000008ab00000|  0%| F|  |TAMS 0x000000008aa00000, 0x000000008aa00000| Untracked 
| 171|0x000000008ab00000, 0x000000008ab00000, 0x000000008ac00000|  0%| F|  |TAMS 0x000000008ab00000, 0x000000008ab00000| Untracked 
| 172|0x000000008ac00000, 0x000000008ac00000, 0x000000008ad00000|  0%| F|  |TAMS 0x000000008ac00000, 0x000000008ac00000| Untracked 
| 173|0x000000008ad00000, 0x000000008ad00000, 0x000000008ae00000|  0%| F|  |TAMS 0x000000008ad00000, 0x000000008ad00000| Untracked 
| 174|0x000000008ae00000, 0x000000008ae00000, 0x000000008af00000|  0%| F|  |TAMS 0x000000008ae00000, 0x000000008ae00000| Untracked 
| 175|0x000000008af00000, 0x000000008af00000, 0x000000008b000000|  0%| F|  |TAMS 0x000000008af00000, 0x000000008af00000| Untracked 
| 176|0x000000008b000000, 0x000000008b000000, 0x000000008b100000|  0%| F|  |TAMS 0x000000008b000000, 0x000000008b000000| Untracked 
| 177|0x000000008b100000, 0x000000008b100000, 0x000000008b200000|  0%| F|  |TAMS 0x000000008b100000, 0x000000008b100000| Untracked 
| 178|0x000000008b200000, 0x000000008b200000, 0x000000008b300000|  0%| F|  |TAMS 0x000000008b200000, 0x000000008b200000| Untracked 
| 179|0x000000008b300000, 0x000000008b300000, 0x000000008b400000|  0%| F|  |TAMS 0x000000008b300000, 0x000000008b300000| Untracked 
| 180|0x000000008b400000, 0x000000008b400000, 0x000000008b500000|  0%| F|  |TAMS 0x000000008b400000, 0x000000008b400000| Untracked 
| 181|0x000000008b500000, 0x000000008b500000, 0x000000008b600000|  0%| F|  |TAMS 0x000000008b500000, 0x000000008b500000| Untracked 
| 182|0x000000008b600000, 0x000000008b600000, 0x000000008b700000|  0%| F|  |TAMS 0x000000008b600000, 0x000000008b600000| Untracked 
| 183|0x000000008b700000, 0x000000008b700000, 0x000000008b800000|  0%| F|  |TAMS 0x000000008b700000, 0x000000008b700000| Untracked 
| 184|0x000000008b800000, 0x000000008b800000, 0x000000008b900000|  0%| F|  |TAMS 0x000000008b800000, 0x000000008b800000| Untracked 
| 185|0x000000008b900000, 0x000000008b900000, 0x000000008ba00000|  0%| F|  |TAMS 0x000000008b900000, 0x000000008b900000| Untracked 
| 186|0x000000008ba00000, 0x000000008ba00000, 0x000000008bb00000|  0%| F|  |TAMS 0x000000008ba00000, 0x000000008ba00000| Untracked 
| 187|0x000000008bb00000, 0x000000008bb2f4e0, 0x000000008bc00000| 18%| E|  |TAMS 0x000000008bb00000, 0x000000008bb00000| Complete 
| 188|0x000000008bc00000, 0x000000008bd00000, 0x000000008bd00000|100%| E|CS|TAMS 0x000000008bc00000, 0x000000008bc00000| Complete 
| 189|0x000000008bd00000, 0x000000008be00000, 0x000000008be00000|100%| E|CS|TAMS 0x000000008bd00000, 0x000000008bd00000| Complete 
| 190|0x000000008be00000, 0x000000008bf00000, 0x000000008bf00000|100%| E|CS|TAMS 0x000000008be00000, 0x000000008be00000| Complete 
| 191|0x000000008bf00000, 0x000000008c000000, 0x000000008c000000|100%| E|CS|TAMS 0x000000008bf00000, 0x000000008bf00000| Complete 
| 192|0x000000008c000000, 0x000000008c100000, 0x000000008c100000|100%| E|CS|TAMS 0x000000008c000000, 0x000000008c000000| Complete 
| 193|0x000000008c100000, 0x000000008c200000, 0x000000008c200000|100%| E|CS|TAMS 0x000000008c100000, 0x000000008c100000| Complete 
| 194|0x000000008c200000, 0x000000008c300000, 0x000000008c300000|100%| E|CS|TAMS 0x000000008c200000, 0x000000008c200000| Complete 
| 195|0x000000008c300000, 0x000000008c400000, 0x000000008c400000|100%| E|CS|TAMS 0x000000008c300000, 0x000000008c300000| Complete 
| 196|0x000000008c400000, 0x000000008c500000, 0x000000008c500000|100%| E|CS|TAMS 0x000000008c400000, 0x000000008c400000| Complete 
| 197|0x000000008c500000, 0x000000008c600000, 0x000000008c600000|100%| E|CS|TAMS 0x000000008c500000, 0x000000008c500000| Complete 
| 198|0x000000008c600000, 0x000000008c700000, 0x000000008c700000|100%| E|CS|TAMS 0x000000008c600000, 0x000000008c600000| Complete 
| 199|0x000000008c700000, 0x000000008c800000, 0x000000008c800000|100%| E|CS|TAMS 0x000000008c700000, 0x000000008c700000| Complete 
| 200|0x000000008c800000, 0x000000008c900000, 0x000000008c900000|100%| E|CS|TAMS 0x000000008c800000, 0x000000008c800000| Complete 
| 201|0x000000008c900000, 0x000000008ca00000, 0x000000008ca00000|100%| E|  |TAMS 0x000000008c900000, 0x000000008c900000| Complete 
| 202|0x000000008ca00000, 0x000000008cb00000, 0x000000008cb00000|100%| E|CS|TAMS 0x000000008ca00000, 0x000000008ca00000| Complete 
| 203|0x000000008cb00000, 0x000000008cc00000, 0x000000008cc00000|100%| E|CS|TAMS 0x000000008cb00000, 0x000000008cb00000| Complete 
| 204|0x000000008cc00000, 0x000000008cd00000, 0x000000008cd00000|100%| E|CS|TAMS 0x000000008cc00000, 0x000000008cc00000| Complete 
| 205|0x000000008cd00000, 0x000000008ce00000, 0x000000008ce00000|100%| E|CS|TAMS 0x000000008cd00000, 0x000000008cd00000| Complete 
| 206|0x000000008ce00000, 0x000000008cf00000, 0x000000008cf00000|100%| E|CS|TAMS 0x000000008ce00000, 0x000000008ce00000| Complete 
| 207|0x000000008cf00000, 0x000000008d000000, 0x000000008d000000|100%| E|CS|TAMS 0x000000008cf00000, 0x000000008cf00000| Complete 
| 208|0x000000008d000000, 0x000000008d100000, 0x000000008d100000|100%| E|CS|TAMS 0x000000008d000000, 0x000000008d000000| Complete 
| 209|0x000000008d100000, 0x000000008d200000, 0x000000008d200000|100%| E|CS|TAMS 0x000000008d100000, 0x000000008d100000| Complete 
| 210|0x000000008d200000, 0x000000008d300000, 0x000000008d300000|100%| E|CS|TAMS 0x000000008d200000, 0x000000008d200000| Complete 
| 211|0x000000008d300000, 0x000000008d400000, 0x000000008d400000|100%| E|CS|TAMS 0x000000008d300000, 0x000000008d300000| Complete 
| 212|0x000000008d400000, 0x000000008d500000, 0x000000008d500000|100%| E|CS|TAMS 0x000000008d400000, 0x000000008d400000| Complete 
| 213|0x000000008d500000, 0x000000008d600000, 0x000000008d600000|100%| E|CS|TAMS 0x000000008d500000, 0x000000008d500000| Complete 
| 214|0x000000008d600000, 0x000000008d700000, 0x000000008d700000|100%| E|CS|TAMS 0x000000008d600000, 0x000000008d600000| Complete 
| 215|0x000000008d700000, 0x000000008d800000, 0x000000008d800000|100%| E|CS|TAMS 0x000000008d700000, 0x000000008d700000| Complete 
| 216|0x000000008d800000, 0x000000008d900000, 0x000000008d900000|100%| E|CS|TAMS 0x000000008d800000, 0x000000008d800000| Complete 
| 217|0x000000008d900000, 0x000000008da00000, 0x000000008da00000|100%| E|CS|TAMS 0x000000008d900000, 0x000000008d900000| Complete 
| 218|0x000000008da00000, 0x000000008db00000, 0x000000008db00000|100%| E|CS|TAMS 0x000000008da00000, 0x000000008da00000| Complete 
| 219|0x000000008db00000, 0x000000008dc00000, 0x000000008dc00000|100%| E|CS|TAMS 0x000000008db00000, 0x000000008db00000| Complete 
| 220|0x000000008dc00000, 0x000000008dd00000, 0x000000008dd00000|100%| E|CS|TAMS 0x000000008dc00000, 0x000000008dc00000| Complete 
| 221|0x000000008dd00000, 0x000000008de00000, 0x000000008de00000|100%| E|CS|TAMS 0x000000008dd00000, 0x000000008dd00000| Complete 
| 222|0x000000008de00000, 0x000000008df00000, 0x000000008df00000|100%| E|CS|TAMS 0x000000008de00000, 0x000000008de00000| Complete 
| 223|0x000000008df00000, 0x000000008e000000, 0x000000008e000000|100%| E|CS|TAMS 0x000000008df00000, 0x000000008df00000| Complete 
| 224|0x000000008e000000, 0x000000008e100000, 0x000000008e100000|100%| E|CS|TAMS 0x000000008e000000, 0x000000008e000000| Complete 
| 225|0x000000008e100000, 0x000000008e200000, 0x000000008e200000|100%| E|CS|TAMS 0x000000008e100000, 0x000000008e100000| Complete 
| 226|0x000000008e200000, 0x000000008e300000, 0x000000008e300000|100%| E|CS|TAMS 0x000000008e200000, 0x000000008e200000| Complete 
| 227|0x000000008e300000, 0x000000008e400000, 0x000000008e400000|100%| E|CS|TAMS 0x000000008e300000, 0x000000008e300000| Complete 
| 228|0x000000008e400000, 0x000000008e500000, 0x000000008e500000|100%| E|CS|TAMS 0x000000008e400000, 0x000000008e400000| Complete 
| 229|0x000000008e500000, 0x000000008e600000, 0x000000008e600000|100%| E|CS|TAMS 0x000000008e500000, 0x000000008e500000| Complete 
| 230|0x000000008e600000, 0x000000008e700000, 0x000000008e700000|100%| E|CS|TAMS 0x000000008e600000, 0x000000008e600000| Complete 
| 231|0x000000008e700000, 0x000000008e800000, 0x000000008e800000|100%| E|CS|TAMS 0x000000008e700000, 0x000000008e700000| Complete 
| 232|0x000000008e800000, 0x000000008e900000, 0x000000008e900000|100%| E|CS|TAMS 0x000000008e800000, 0x000000008e800000| Complete 
| 233|0x000000008e900000, 0x000000008ea00000, 0x000000008ea00000|100%| E|CS|TAMS 0x000000008e900000, 0x000000008e900000| Complete 
| 234|0x000000008ea00000, 0x000000008eb00000, 0x000000008eb00000|100%| E|CS|TAMS 0x000000008ea00000, 0x000000008ea00000| Complete 
| 235|0x000000008eb00000, 0x000000008ec00000, 0x000000008ec00000|100%| E|CS|TAMS 0x000000008eb00000, 0x000000008eb00000| Complete 
| 236|0x000000008ec00000, 0x000000008ed00000, 0x000000008ed00000|100%| E|CS|TAMS 0x000000008ec00000, 0x000000008ec00000| Complete 
| 237|0x000000008ed00000, 0x000000008ee00000, 0x000000008ee00000|100%| E|CS|TAMS 0x000000008ed00000, 0x000000008ed00000| Complete 
| 238|0x000000008ee00000, 0x000000008ef00000, 0x000000008ef00000|100%| E|CS|TAMS 0x000000008ee00000, 0x000000008ee00000| Complete 
| 239|0x000000008ef00000, 0x000000008f000000, 0x000000008f000000|100%| E|CS|TAMS 0x000000008ef00000, 0x000000008ef00000| Complete 
| 240|0x000000008f000000, 0x000000008f100000, 0x000000008f100000|100%| E|CS|TAMS 0x000000008f000000, 0x000000008f000000| Complete 
| 241|0x000000008f100000, 0x000000008f200000, 0x000000008f200000|100%| E|CS|TAMS 0x000000008f100000, 0x000000008f100000| Complete 
| 242|0x000000008f200000, 0x000000008f300000, 0x000000008f300000|100%| E|CS|TAMS 0x000000008f200000, 0x000000008f200000| Complete 
| 243|0x000000008f300000, 0x000000008f400000, 0x000000008f400000|100%| E|CS|TAMS 0x000000008f300000, 0x000000008f300000| Complete 
| 244|0x000000008f400000, 0x000000008f500000, 0x000000008f500000|100%| E|CS|TAMS 0x000000008f400000, 0x000000008f400000| Complete 
| 245|0x000000008f500000, 0x000000008f600000, 0x000000008f600000|100%| E|CS|TAMS 0x000000008f500000, 0x000000008f500000| Complete 
| 246|0x000000008f600000, 0x000000008f700000, 0x000000008f700000|100%| E|CS|TAMS 0x000000008f600000, 0x000000008f600000| Complete 
| 247|0x000000008f700000, 0x000000008f800000, 0x000000008f800000|100%| E|CS|TAMS 0x000000008f700000, 0x000000008f700000| Complete 
| 248|0x000000008f800000, 0x000000008f900000, 0x000000008f900000|100%| E|CS|TAMS 0x000000008f800000, 0x000000008f800000| Complete 
| 249|0x000000008f900000, 0x000000008fa00000, 0x000000008fa00000|100%| E|CS|TAMS 0x000000008f900000, 0x000000008f900000| Complete 
| 250|0x000000008fa00000, 0x000000008fb00000, 0x000000008fb00000|100%| E|CS|TAMS 0x000000008fa00000, 0x000000008fa00000| Complete 
| 251|0x000000008fb00000, 0x000000008fc00000, 0x000000008fc00000|100%| E|CS|TAMS 0x000000008fb00000, 0x000000008fb00000| Complete 
| 252|0x000000008fc00000, 0x000000008fd00000, 0x000000008fd00000|100%| E|CS|TAMS 0x000000008fc00000, 0x000000008fc00000| Complete 
| 253|0x000000008fd00000, 0x000000008fe00000, 0x000000008fe00000|100%| E|CS|TAMS 0x000000008fd00000, 0x000000008fd00000| Complete 
| 254|0x000000008fe00000, 0x000000008ff00000, 0x000000008ff00000|100%| E|CS|TAMS 0x000000008fe00000, 0x000000008fe00000| Complete 
| 255|0x000000008ff00000, 0x0000000090000000, 0x0000000090000000|100%| E|CS|TAMS 0x000000008ff00000, 0x000000008ff00000| Complete 

Card table byte_map: [0x000002d2399e0000,0x000002d239de0000] _byte_map_base: 0x000002d2395e0000

Marking Bits (Prev, Next): (CMBitMap*) 0x000002d225b6e2c0, (CMBitMap*) 0x000002d225b6e288
 Prev Bits: [0x000002d23c1e0000, 0x000002d23e1e0000)
 Next Bits: [0x000002d23a1e0000, 0x000002d23c1e0000)

Polling page: 0x000002d223fc0000

Metaspace:

Usage:
  Non-class:     67.52 MB capacity,    66.32 MB ( 98%) used,  1016.74 KB (  1%) free+waste,   212.31 KB ( <1%) overhead. 
      Class:     10.75 MB capacity,    10.00 MB ( 93%) used,   666.86 KB (  6%) free+waste,    99.06 KB ( <1%) overhead. 
       Both:     78.27 MB capacity,    76.32 MB ( 98%) used,     1.64 MB (  2%) free+waste,   311.38 KB ( <1%) overhead. 

Virtual space:
  Non-class space:       68.00 MB reserved,      67.62 MB (>99%) committed 
      Class space:        1.00 GB reserved,      10.75 MB (  1%) committed 
             Both:        1.07 GB reserved,      78.37 MB (  7%) committed 

Chunk freelists:
   Non-Class:  41.00 KB
       Class:  3.00 KB
        Both:  44.00 KB

MaxMetaspaceSize: 17179869184.00 GB
CompressedClassSpaceSize: 1.00 GB

CodeHeap 'non-profiled nmethods': size=119168Kb used=5493Kb max_used=5493Kb free=113674Kb
 bounds [0x000002d2311c0000, 0x000002d231720000, 0x000002d238620000]
CodeHeap 'profiled nmethods': size=119168Kb used=18297Kb max_used=18297Kb free=100870Kb
 bounds [0x000002d229d60000, 0x000002d22af40000, 0x000002d2311c0000]
CodeHeap 'non-nmethods': size=7424Kb used=3400Kb max_used=4029Kb free=4023Kb
 bounds [0x000002d229620000, 0x000002d229a20000, 0x000002d229d60000]
 total_blobs=9260 nmethods=8386 adapters=783
 compilation: enabled
              stopped_count=0, restarted_count=0
 full_count=0

Compilation events (20 events):
Event: 7.658 Thread 0x000002d2429c7800 nmethod 8216 0x000002d23170f790 code [0x000002d23170f940, 0x000002d23170f9f8]
Event: 7.659 Thread 0x000002d24331b000 nmethod 8215 0x000002d22aee9990 code [0x000002d22aeea020, 0x000002d22aeee1a8]
Event: 9.658 Thread 0x000002d24125e000 8217   !   3       java.util.stream.ReferencePipeline$7$1::accept (127 bytes)
Event: 9.658 Thread 0x000002d241b32800 8218       3       java.util.stream.AbstractPipeline::sequential (10 bytes)
Event: 9.658 Thread 0x000002d2429c7800 8219       3       java.util.stream.AbstractPipeline::close (48 bytes)
Event: 9.658 Thread 0x000002d241b2c000 8220       4       java.util.Collection::stream (11 bytes)
Event: 9.658 Thread 0x000002d241b32800 nmethod 8218 0x000002d22aeefb10 code [0x000002d22aeefcc0, 0x000002d22aeefdd8]
Event: 9.658 Thread 0x000002d241b32800 8221   !   3       java.util.concurrent.ThreadPoolExecutor::getTask (177 bytes)
Event: 9.658 Thread 0x000002d2429c7800 nmethod 8219 0x000002d22aeefe90 code [0x000002d22aef0060, 0x000002d22aef02e8]
Event: 9.658 Thread 0x000002d24125e000 nmethod 8217 0x000002d22aef0410 code [0x000002d22aef06a0, 0x000002d22aef1438]
Event: 9.659 Thread 0x000002d241b32800 nmethod 8221 0x000002d22aef1910 code [0x000002d22aef1ba0, 0x000002d22aef2a98]
Event: 9.660 Thread 0x000002d241b2c000 nmethod 8220 0x000002d23170fa90 code [0x000002d23170fc40, 0x000002d23170ffb8]
Event: 14.257 Thread 0x000002d2429c7800 8222       3       java.util.stream.Collectors$$Lambda$63/0x0000000100161040::accept (11 bytes)
Event: 14.257 Thread 0x000002d241b32800 8223       3       java.util.concurrent.ThreadPoolExecutor::afterExecute (1 bytes)
Event: 14.257 Thread 0x000002d241b32800 nmethod 8223 0x000002d22aef2f10 code [0x000002d22aef30c0, 0x000002d22aef31b8]
Event: 14.257 Thread 0x000002d241b32800 8224       1       javax.management.ObjectName::getCanonicalName (5 bytes)
Event: 14.257 Thread 0x000002d2429c7800 nmethod 8222 0x000002d22aef3290 code [0x000002d22aef3460, 0x000002d22aef3728]
Event: 14.257 Thread 0x000002d241b32800 nmethod 8224 0x000002d231710190 code [0x000002d231710340, 0x000002d2317103f8]
Event: 14.257 Thread 0x000002d241b32800 8225       3       sun.management.spi.PlatformMBeanProvider$PlatformComponent::getMBeans (87 bytes)
Event: 14.258 Thread 0x000002d241b32800 nmethod 8225 0x000002d22aef3810 code [0x000002d22aef3be0, 0x000002d22aef5718]

GC Heap History (16 events):
Event: 0.340 GC heap before
{Heap before GC invocations=0 (full 0):
 garbage-first heap   total 262144K, used 29696K [0x0000000080000000, 0x0000000100000000)
  region size 1024K, 24 young (24576K), 0 survivors (0K)
 Metaspace       used 9813K, capacity 9962K, committed 10112K, reserved 1058816K
  class space    used 1017K, capacity 1070K, committed 1152K, reserved 1048576K
}
Event: 0.342 GC heap after
{Heap after GC invocations=1 (full 0):
 garbage-first heap   total 262144K, used 9099K [0x0000000080000000, 0x0000000100000000)
  region size 1024K, 3 young (3072K), 3 survivors (3072K)
 Metaspace       used 9813K, capacity 9962K, committed 10112K, reserved 1058816K
  class space    used 1017K, capacity 1070K, committed 1152K, reserved 1048576K
}
Event: 1.180 GC heap before
{Heap before GC invocations=1 (full 0):
 garbage-first heap   total 262144K, used 106379K [0x0000000080000000, 0x0000000100000000)
  region size 1024K, 99 young (101376K), 3 survivors (3072K)
 Metaspace       used 20685K, capacity 21158K, committed 21296K, reserved 1069056K
  class space    used 2512K, capacity 2688K, committed 2688K, reserved 1048576K
}
Event: 1.186 GC heap after
{Heap after GC invocations=2 (full 0):
 garbage-first heap   total 262144K, used 16168K [0x0000000080000000, 0x0000000100000000)
  region size 1024K, 10 young (10240K), 10 survivors (10240K)
 Metaspace       used 20685K, capacity 21158K, committed 21296K, reserved 1069056K
  class space    used 2512K, capacity 2688K, committed 2688K, reserved 1048576K
}
Event: 1.422 GC heap before
{Heap before GC invocations=3 (full 0):
 garbage-first heap   total 262144K, used 53032K [0x0000000080000000, 0x0000000100000000)
  region size 1024K, 46 young (47104K), 10 survivors (10240K)
 Metaspace       used 24175K, capacity 24828K, committed 25008K, reserved 1071104K
  class space    used 3097K, capacity 3319K, committed 3328K, reserved 1048576K
}
Event: 1.425 GC heap after
{Heap after GC invocations=4 (full 0):
 garbage-first heap   total 262144K, used 17433K [0x0000000080000000, 0x0000000100000000)
  region size 1024K, 2 young (2048K), 2 survivors (2048K)
 Metaspace       used 24175K, capacity 24828K, committed 25008K, reserved 1071104K
  class space    used 3097K, capacity 3319K, committed 3328K, reserved 1048576K
}
Event: 1.998 GC heap before
{Heap before GC invocations=4 (full 0):
 garbage-first heap   total 262144K, used 90137K [0x0000000080000000, 0x0000000100000000)
  region size 1024K, 74 young (75776K), 2 survivors (2048K)
 Metaspace       used 34800K, capacity 35614K, committed 35708K, reserved 1081344K
  class space    used 4522K, capacity 4832K, committed 4864K, reserved 1048576K
}
Event: 2.002 GC heap after
{Heap after GC invocations=5 (full 0):
 garbage-first heap   total 262144K, used 21414K [0x0000000080000000, 0x0000000100000000)
  region size 1024K, 6 young (6144K), 6 survivors (6144K)
 Metaspace       used 34800K, capacity 35614K, committed 35708K, reserved 1081344K
  class space    used 4522K, capacity 4832K, committed 4864K, reserved 1048576K
}
Event: 2.645 GC heap before
{Heap before GC invocations=6 (full 0):
 garbage-first heap   total 262144K, used 126886K [0x0000000080000000, 0x0000000100000000)
  region size 1024K, 106 young (108544K), 6 survivors (6144K)
 Metaspace       used 43476K, capacity 44598K, committed 44796K, reserved 1087488K
  class space    used 5536K, capacity 5897K, committed 6016K, reserved 1048576K
}
Event: 2.650 GC heap after
{Heap after GC invocations=7 (full 0):
 garbage-first heap   total 262144K, used 27711K [0x0000000080000000, 0x0000000100000000)
  region size 1024K, 12 young (12288K), 12 survivors (12288K)
 Metaspace       used 43476K, capacity 44598K, committed 44796K, reserved 1087488K
  class space    used 5536K, capacity 5897K, committed 6016K, reserved 1048576K
}
Event: 4.200 GC heap before
{Heap before GC invocations=7 (full 0):
 garbage-first heap   total 262144K, used 175167K [0x0000000080000000, 0x0000000100000000)
  region size 1024K, 153 young (156672K), 12 survivors (12288K)
 Metaspace       used 56777K, capacity 58272K, committed 58364K, reserved 1099776K
  class space    used 7198K, capacity 7746K, committed 7808K, reserved 1048576K
}
Event: 4.208 GC heap after
{Heap after GC invocations=8 (full 0):
 garbage-first heap   total 262144K, used 42968K [0x0000000080000000, 0x0000000100000000)
  region size 1024K, 18 young (18432K), 18 survivors (18432K)
 Metaspace       used 56777K, capacity 58272K, committed 58364K, reserved 1099776K
  class space    used 7198K, capacity 7746K, committed 7808K, reserved 1048576K
}
Event: 4.276 GC heap before
{Heap before GC invocations=8 (full 0):
 garbage-first heap   total 262144K, used 50136K [0x0000000080000000, 0x0000000100000000)
  region size 1024K, 26 young (26624K), 18 survivors (18432K)
 Metaspace       used 58221K, capacity 59783K, committed 59900K, reserved 1101824K
  class space    used 7391K, capacity 7951K, committed 8064K, reserved 1048576K
}
Event: 4.289 GC heap after
{Heap after GC invocations=9 (full 0):
 garbage-first heap   total 262144K, used 44169K [0x0000000080000000, 0x0000000100000000)
  region size 1024K, 3 young (3072K), 3 survivors (3072K)
 Metaspace       used 58221K, capacity 59783K, committed 59900K, reserved 1101824K
  class space    used 7391K, capacity 7951K, committed 8064K, reserved 1048576K
}
Event: 5.649 GC heap before
{Heap before GC invocations=10 (full 0):
 garbage-first heap   total 262144K, used 187529K [0x0000000080000000, 0x0000000100000000)
  region size 1024K, 143 young (146432K), 3 survivors (3072K)
 Metaspace       used 71471K, capacity 73202K, committed 73340K, reserved 1112064K
  class space    used 9291K, capacity 9946K, committed 9984K, reserved 1048576K
}
Event: 5.653 GC heap after
{Heap after GC invocations=11 (full 0):
 garbage-first heap   total 262144K, used 52926K [0x0000000080000000, 0x0000000100000000)
  region size 1024K, 11 young (11264K), 11 survivors (11264K)
 Metaspace       used 71471K, capacity 73202K, committed 73340K, reserved 1112064K
  class space    used 9291K, capacity 9946K, committed 9984K, reserved 1048576K
}

Deoptimization events (20 events):
Event: 6.473 Thread 0x000002d24576c800 Uncommon trap: trap_request=0xffffffde fr.pc=0x000002d2313a6efc relative=0x000000000000005c
Event: 6.473 Thread 0x000002d24576c800 Uncommon trap: reason=class_check action=maybe_recompile pc=0x000002d2313a6efc method=java.util.stream.StreamOpFlag.fromCharacteristics(Ljava/util/Spliterator;)I @ 14 c2
Event: 6.473 Thread 0x000002d24576c800 DEOPT PACKING pc=0x000002d2313a6efc sp=0x000000d7957fdfb0
Event: 6.473 Thread 0x000002d24576c800 DEOPT UNPACKING pc=0x000002d2296478af sp=0x000000d7957fdf48 mode 2
Event: 6.473 Thread 0x000002d24576c800 Uncommon trap: trap_request=0xffffffc6 fr.pc=0x000002d2313c97e4 relative=0x0000000000000484
Event: 6.473 Thread 0x000002d24576c800 Uncommon trap: reason=bimorphic_or_optimized_type_check action=maybe_recompile pc=0x000002d2313c97e4 method=java.util.Collections$SetFromMap.remove(Ljava/lang/Object;)Z @ 5 c2
Event: 6.473 Thread 0x000002d24576c800 DEOPT PACKING pc=0x000002d2313c97e4 sp=0x000000d7957fed60
Event: 6.473 Thread 0x000002d24576c800 DEOPT UNPACKING pc=0x000002d2296478af sp=0x000000d7957fed58 mode 2
Event: 6.473 Thread 0x000002d24576c800 Uncommon trap: trap_request=0xffffffc6 fr.pc=0x000002d2313c97e4 relative=0x0000000000000484
Event: 6.473 Thread 0x000002d24576c800 Uncommon trap: reason=bimorphic_or_optimized_type_check action=maybe_recompile pc=0x000002d2313c97e4 method=java.util.Collections$SetFromMap.remove(Ljava/lang/Object;)Z @ 5 c2
Event: 6.473 Thread 0x000002d24576c800 DEOPT PACKING pc=0x000002d2313c97e4 sp=0x000000d7957fec00
Event: 6.473 Thread 0x000002d24576c800 DEOPT UNPACKING pc=0x000002d2296478af sp=0x000000d7957febf8 mode 2
Event: 6.563 Thread 0x000002d245768800 Uncommon trap: trap_request=0xffffff4d fr.pc=0x000002d2316e9f04 relative=0x0000000000000064
Event: 6.563 Thread 0x000002d245768800 Uncommon trap: reason=unstable_if action=reinterpret pc=0x000002d2316e9f04 method=com.google.common.base.Objects.equal(Ljava/lang/Object;Ljava/lang/Object;)Z @ 14 c2
Event: 6.563 Thread 0x000002d245768800 DEOPT PACKING pc=0x000002d2316e9f04 sp=0x000000d7955fd140
Event: 6.563 Thread 0x000002d245768800 DEOPT UNPACKING pc=0x000002d2296478af sp=0x000000d7955fd0e0 mode 2
Event: 6.567 Thread 0x000002d245768800 Uncommon trap: trap_request=0xffffffc6 fr.pc=0x000002d2313c97e4 relative=0x0000000000000484
Event: 6.567 Thread 0x000002d245768800 Uncommon trap: reason=bimorphic_or_optimized_type_check action=maybe_recompile pc=0x000002d2313c97e4 method=java.util.Collections$SetFromMap.remove(Ljava/lang/Object;)Z @ 5 c2
Event: 6.567 Thread 0x000002d245768800 DEOPT PACKING pc=0x000002d2313c97e4 sp=0x000000d7955fefa0
Event: 6.567 Thread 0x000002d245768800 DEOPT UNPACKING pc=0x000002d2296478af sp=0x000000d7955fef98 mode 2

Classes redefined (0 events):
No events

Internal exceptions (20 events):
Event: 5.752 Thread 0x000002d243f62800 Exception <a 'java/lang/NoSuchMethodError'{0x000000008f3287a0}: 'int java.lang.invoke.DirectMethodHandle$Holder.invokeStatic(java.lang.Object, java.lang.Object, int, java.lang.Object)'> (0x000000008f3287a0) thrown at [./src/hotspot/share/interpreter/linkResolver.cpp, line 773]
Event: 5.752 Thread 0x000002d243f62800 Exception <a 'java/lang/NoSuchMethodError'{0x000000008f32f648}: 'java.lang.Object java.lang.invoke.Invokers$Holder.linkToTargetMethod(java.lang.Object, int, java.lang.Object)'> (0x000000008f32f648) thrown at [./src/hotspot/share/interpreter/linkResolver.cpp, line 773]
Event: 5.920 Thread 0x000002d243f62800 Exception <a 'sun/nio/fs/WindowsException'{0x000000008f261ee8}> (0x000000008f261ee8) thrown at [./src/hotspot/share/prims/jni.cpp, line 615]
Event: 5.920 Thread 0x000002d243f62800 Exception <a 'sun/nio/fs/WindowsException'{0x000000008f262fd0}> (0x000000008f262fd0) thrown at [./src/hotspot/share/prims/jni.cpp, line 615]
Event: 5.920 Thread 0x000002d243f62800 Exception <a 'sun/nio/fs/WindowsException'{0x000000008f2640f0}> (0x000000008f2640f0) thrown at [./src/hotspot/share/prims/jni.cpp, line 615]
Event: 5.920 Thread 0x000002d243f62800 Exception <a 'sun/nio/fs/WindowsException'{0x000000008f265210}> (0x000000008f265210) thrown at [./src/hotspot/share/prims/jni.cpp, line 615]
Event: 6.281 Thread 0x000002d243f62800 Implicit null exception at 0x000002d2316be0df to 0x000002d2316c5adc
Event: 6.313 Thread 0x000002d243f62800 Exception <a 'java/lang/NoSuchMethodError'{0x000000008dcf74c0}: 'java.lang.Object java.lang.invoke.Invokers$Holder.linkToTargetMethod(java.lang.Object, int, int, java.lang.Object)'> (0x000000008dcf74c0) thrown at [./src/hotspot/share/interpreter/linkResolver.cpp, line 773]
Event: 6.333 Thread 0x000002d243f62800 Implicit null exception at 0x000002d2316958b9 to 0x000002d231696e58
Event: 6.470 Thread 0x000002d244099800 Exception <a 'java/lang/NoSuchMethodError'{0x000000008caead18}: <clinit>> (0x000000008caead18) thrown at [./src/hotspot/share/prims/jni.cpp, line 1362]
Event: 6.470 Thread 0x000002d244099800 Exception <a 'java/lang/NoSuchMethodError'{0x000000008caf4370}: <clinit>> (0x000000008caf4370) thrown at [./src/hotspot/share/prims/jni.cpp, line 1362]
Event: 6.472 Thread 0x000002d244099800 Exception <a 'java/lang/NoSuchMethodError'{0x000000008c905ea8}: <clinit>> (0x000000008c905ea8) thrown at [./src/hotspot/share/prims/jni.cpp, line 1362]
Event: 6.472 Thread 0x000002d244099800 Exception <a 'java/lang/NoSuchMethodError'{0x000000008c973ef8}: <clinit>> (0x000000008c973ef8) thrown at [./src/hotspot/share/prims/jni.cpp, line 1362]
Event: 6.472 Thread 0x000002d244099800 Exception <a 'java/lang/NoSuchMethodError'{0x000000008c975418}: <clinit>> (0x000000008c975418) thrown at [./src/hotspot/share/prims/jni.cpp, line 1362]
Event: 6.567 Thread 0x000002d244099800 Exception <a 'java/lang/NoSuchMethodError'{0x000000008c635470}: <clinit>> (0x000000008c635470) thrown at [./src/hotspot/share/prims/jni.cpp, line 1362]
Event: 6.605 Thread 0x000002d24576b000 Exception <a 'java/lang/NoSuchMethodError'{0x000000008c472f60}: <clinit>> (0x000000008c472f60) thrown at [./src/hotspot/share/prims/jni.cpp, line 1362]
Event: 6.606 Thread 0x000002d24576b000 Exception <a 'java/lang/NoSuchMethodError'{0x000000008c487348}: <clinit>> (0x000000008c487348) thrown at [./src/hotspot/share/prims/jni.cpp, line 1362]
Event: 6.606 Thread 0x000002d24576b000 Exception <a 'java/lang/NoSuchMethodError'{0x000000008c4a2828}: <clinit>> (0x000000008c4a2828) thrown at [./src/hotspot/share/prims/jni.cpp, line 1362]
Event: 6.608 Thread 0x000002d245768800 Exception <a 'java/lang/NoSuchMethodError'{0x000000008c4e3b20}: 'java.lang.Object java.lang.invoke.Invokers$Holder.linkToTargetMethod(java.lang.Object, java.lang.Object, java.lang.Object, int, java.lang.Object, java.lang.Object)'> (0x000000008c4e3b20) thrown at [./src/hotspot/share/interpreter/linkResolver.cpp, line 773]
Event: 6.631 Thread 0x000002d245768800 Exception <a 'java/lang/IncompatibleClassChangeError'{0x000000008c3b6168}: Found class java.lang.Object, but interface was expected> (0x000000008c3b6168) thrown at [./src/hotspot/share/interpreter/linkResolver.cpp, line 839]

Events (20 events):
Event: 14.284 loading class org/gradle/internal/execution/history/changes/ImplementationChanges
Event: 14.284 loading class org/gradle/internal/execution/history/changes/ImplementationChanges done
Event: 14.284 loading class org/gradle/internal/execution/history/changes/PropertyChanges
Event: 14.284 loading class org/gradle/internal/execution/history/changes/PropertyChanges done
Event: 14.284 loading class org/gradle/internal/execution/history/changes/InputValueChanges
Event: 14.284 loading class org/gradle/internal/execution/history/changes/InputValueChanges done
Event: 14.285 loading class org/gradle/internal/execution/history/changes/DefaultInputFileChanges
Event: 14.285 loading class org/gradle/internal/execution/history/changes/DefaultInputFileChanges done
Event: 14.285 loading class org/gradle/internal/execution/history/changes/AbstractFingerprintChanges
Event: 14.285 loading class org/gradle/internal/execution/history/changes/AbstractFingerprintChanges done
Event: 14.292 loading class org/gradle/internal/execution/history/changes/PropertyDiffListener
Event: 14.292 loading class org/gradle/internal/execution/history/changes/PropertyDiffListener done
Event: 14.292 loading class org/gradle/internal/execution/history/changes/AbsolutePathFingerprintCompareStrategy
Event: 14.292 loading class org/gradle/internal/execution/history/changes/AbsolutePathFingerprintCompareStrategy done
Event: 14.292 loading class org/gradle/internal/execution/history/changes/AbstractFingerprintCompareStrategy
Event: 14.292 loading class org/gradle/internal/execution/history/changes/AbstractFingerprintCompareStrategy done
Event: 14.292 loading class org/gradle/internal/execution/history/changes/FingerprintCompareStrategy
Event: 14.292 loading class org/gradle/internal/execution/history/changes/FingerprintCompareStrategy done
Event: 14.292 loading class org/gradle/internal/execution/history/changes/CompareStrategy
Event: 14.292 loading class org/gradle/internal/execution/history/changes/CompareStrategy done


Dynamic libraries:
0x00007ff7d8e40000 - 0x00007ff7d8e4a000 	C:\Program Files\Android\Android Studio\jre\bin\java.exe
0x00007ffd81450000 - 0x00007ffd81645000 	C:\Windows\SYSTEM32\ntdll.dll
0x00007ffd7f880000 - 0x00007ffd7f93e000 	C:\Windows\System32\KERNEL32.DLL
0x00007ffd7ed70000 - 0x00007ffd7f039000 	C:\Windows\System32\KERNELBASE.dll
0x00007ffd7f370000 - 0x00007ffd7f470000 	C:\Windows\System32\ucrtbase.dll
0x00007ffd5a650000 - 0x00007ffd5a669000 	C:\Program Files\Android\Android Studio\jre\bin\jli.dll
0x00007ffd5a260000 - 0x00007ffd5a277000 	C:\Program Files\Android\Android Studio\jre\bin\VCRUNTIME140.dll
0x00007ffd7f950000 - 0x00007ffd7faf1000 	C:\Windows\System32\USER32.dll
0x00007ffd7f470000 - 0x00007ffd7f492000 	C:\Windows\System32\win32u.dll
0x00007ffd6e6c0000 - 0x00007ffd6e95a000 	C:\Windows\WinSxS\amd64_microsoft.windows.common-controls_6595b64144ccf1df_6.0.19041.1110_none_60b5254171f9507e\COMCTL32.dll
0x00007ffd7f750000 - 0x00007ffd7f77b000 	C:\Windows\System32\GDI32.dll
0x00007ffd7f7e0000 - 0x00007ffd7f87e000 	C:\Windows\System32\msvcrt.dll
0x00007ffd7f0a0000 - 0x00007ffd7f1ab000 	C:\Windows\System32\gdi32full.dll
0x00007ffd7eb70000 - 0x00007ffd7ec0d000 	C:\Windows\System32\msvcp_win.dll
0x00007ffd7fb70000 - 0x00007ffd7fba0000 	C:\Windows\System32\IMM32.DLL
0x00007ffd52820000 - 0x00007ffd528bd000 	C:\Program Files\Android\Android Studio\jre\bin\msvcp140.dll
0x00007ffd336c0000 - 0x00007ffd3418f000 	C:\Program Files\Android\Android Studio\jre\bin\server\jvm.dll
0x00007ffd800c0000 - 0x00007ffd8016c000 	C:\Windows\System32\ADVAPI32.dll
0x00007ffd7fea0000 - 0x00007ffd7ff3b000 	C:\Windows\System32\sechost.dll
0x00007ffd812e0000 - 0x00007ffd8140a000 	C:\Windows\System32\RPCRT4.dll
0x00007ffd7fb60000 - 0x00007ffd7fb68000 	C:\Windows\System32\PSAPI.DLL
0x00007ffd72a70000 - 0x00007ffd72a97000 	C:\Windows\SYSTEM32\WINMM.dll
0x00007ffd7af60000 - 0x00007ffd7af69000 	C:\Windows\SYSTEM32\WSOCK32.dll
0x00007ffd78030000 - 0x00007ffd7803a000 	C:\Windows\SYSTEM32\VERSION.dll
0x00007ffd7ff40000 - 0x00007ffd7ffab000 	C:\Windows\System32\WS2_32.dll
0x00007ffd7c9b0000 - 0x00007ffd7c9c2000 	C:\Windows\SYSTEM32\kernel.appcore.dll
0x00007ffd6f6e0000 - 0x00007ffd6f6f1000 	C:\Program Files\Android\Android Studio\jre\bin\verify.dll
0x00007ffd774a0000 - 0x00007ffd77684000 	C:\Windows\SYSTEM32\DBGHELP.DLL
0x00007ffd77240000 - 0x00007ffd7726c000 	C:\Windows\SYSTEM32\dbgcore.DLL
0x00007ffd7f2e0000 - 0x00007ffd7f363000 	C:\Windows\System32\bcryptPrimitives.dll
0x00007ffd67b10000 - 0x00007ffd67b39000 	C:\Program Files\Android\Android Studio\jre\bin\java.dll
0x00007ffd78a10000 - 0x00007ffd78a1b000 	C:\Program Files\Android\Android Studio\jre\bin\jimage.dll
0x00007ffd6e960000 - 0x00007ffd6e978000 	C:\Program Files\Android\Android Studio\jre\bin\zip.dll
0x00007ffd80170000 - 0x00007ffd808af000 	C:\Windows\System32\SHELL32.dll
0x00007ffd7cc90000 - 0x00007ffd7d420000 	C:\Windows\SYSTEM32\windows.storage.dll
0x00007ffd808b0000 - 0x00007ffd80c05000 	C:\Windows\System32\combase.dll
0x00007ffd7e5c0000 - 0x00007ffd7e5ec000 	C:\Windows\SYSTEM32\Wldp.dll
0x00007ffd7fd60000 - 0x00007ffd7fe0d000 	C:\Windows\System32\SHCORE.dll
0x00007ffd7ffb0000 - 0x00007ffd80005000 	C:\Windows\System32\shlwapi.dll
0x00007ffd7eab0000 - 0x00007ffd7eacf000 	C:\Windows\SYSTEM32\profapi.dll
0x00007ffd6de60000 - 0x00007ffd6de7a000 	C:\Program Files\Android\Android Studio\jre\bin\net.dll
0x00007ffd75a70000 - 0x00007ffd75b78000 	C:\Windows\SYSTEM32\WINHTTP.dll
0x00007ffd7e320000 - 0x00007ffd7e38a000 	C:\Windows\system32\mswsock.dll
0x00007ffd6a9e0000 - 0x00007ffd6a9f4000 	C:\Program Files\Android\Android Studio\jre\bin\nio.dll
0x00007ffd5cbe0000 - 0x00007ffd5cc07000 	C:\Users\Jared\.gradle\native\8bec1ad78214c89d9ad589b4d07fe93259594b29d510b10fafb7a158f7737e5d\windows-amd64\native-platform.dll
0x00007ffd53320000 - 0x00007ffd5345d000 	C:\Users\Jared\.gradle\native\53dbd7edfb1c66fb8903c78663c9afc45aea4f116125fa6feffd364cf09443e8\windows-amd64\native-platform-file-events.dll
0x00007ffd786e0000 - 0x00007ffd786ea000 	C:\Program Files\Android\Android Studio\jre\bin\management.dll
0x00007ffd78510000 - 0x00007ffd7851c000 	C:\Program Files\Android\Android Studio\jre\bin\management_ext.dll
0x00007ffd7e520000 - 0x00007ffd7e538000 	C:\Windows\SYSTEM32\CRYPTSP.dll
0x00007ffd7dc30000 - 0x00007ffd7dc64000 	C:\Windows\system32\rsaenh.dll
0x00007ffd7f1b0000 - 0x00007ffd7f1d7000 	C:\Windows\System32\bcrypt.dll
0x00007ffd7ea70000 - 0x00007ffd7ea9e000 	C:\Windows\SYSTEM32\USERENV.dll
0x00007ffd7e510000 - 0x00007ffd7e51c000 	C:\Windows\SYSTEM32\CRYPTBASE.dll
0x00007ffd7dfc0000 - 0x00007ffd7dffb000 	C:\Windows\SYSTEM32\IPHLPAPI.DLL
0x00007ffd7f940000 - 0x00007ffd7f948000 	C:\Windows\System32\NSI.dll
0x00007ffd78eb0000 - 0x00007ffd78ec7000 	C:\Windows\SYSTEM32\dhcpcsvc6.DLL
0x00007ffd79610000 - 0x00007ffd7962d000 	C:\Windows\SYSTEM32\dhcpcsvc.DLL
0x00007ffd7e000000 - 0x00007ffd7e0cc000 	C:\Windows\SYSTEM32\DNSAPI.dll

dbghelp: loaded successfully - version: 4.0.5 - missing functions: none
symbol engine: initialized successfully - sym options: 0x614 - pdb path: .;C:\Program Files\Android\Android Studio\jre\bin;C:\Windows\SYSTEM32;C:\Windows\WinSxS\amd64_microsoft.windows.common-controls_6595b64144ccf1df_6.0.19041.1110_none_60b5254171f9507e;C:\Program Files\Android\Android Studio\jre\bin\server;C:\Users\Jared\.gradle\native\8bec1ad78214c89d9ad589b4d07fe93259594b29d510b10fafb7a158f7737e5d\windows-amd64;C:\Users\Jared\.gradle\native\53dbd7edfb1c66fb8903c78663c9afc45aea4f116125fa6feffd364cf09443e8\windows-amd64

VM Arguments:
jvm_args: --add-opens=java.base/java.util=ALL-UNNAMED --add-opens=java.base/java.lang=ALL-UNNAMED --add-opens=java.base/java.lang.invoke=ALL-UNNAMED --add-opens=java.base/java.util=ALL-UNNAMED --add-opens=java.prefs/java.util.prefs=ALL-UNNAMED --add-opens=java.prefs/java.util.prefs=ALL-UNNAMED --add-opens=java.base/java.nio.charset=ALL-UNNAMED --add-opens=java.base/java.net=ALL-UNNAMED --add-opens=java.base/java.util.concurrent.atomic=ALL-UNNAMED -Xmx2048m -Dfile.encoding=UTF-8 -Duser.country=US -Duser.language=en -Duser.variant 
java_command: org.gradle.launcher.daemon.bootstrap.GradleDaemon 7.0.2
java_class_path (initial): C:\Users\Jared\.gradle\wrapper\dists\gradle-7.0.2-bin\857tjihv64xamwrf0h14cai3r\gradle-7.0.2\lib\gradle-launcher-7.0.2.jar
Launcher Type: SUN_STANDARD

[Global flags]
     intx CICompilerCount                          = 12                                        {product} {ergonomic}
     uint ConcGCThreads                            = 3                                         {product} {ergonomic}
     uint G1ConcRefinementThreads                  = 13                                        {product} {ergonomic}
   size_t G1HeapRegionSize                         = 1048576                                   {product} {ergonomic}
    uintx GCDrainStackTargetSize                   = 64                                        {product} {ergonomic}
   size_t InitialHeapSize                          = 268435456                                 {product} {ergonomic}
   size_t MarkStackSize                            = 4194304                                   {product} {ergonomic}
   size_t MaxHeapSize                              = 2147483648                                {product} {command line}
   size_t MaxNewSize                               = 1287651328                                {product} {ergonomic}
   size_t MinHeapDeltaBytes                        = 1048576                                   {product} {ergonomic}
    uintx NonNMethodCodeHeapSize                   = 7594288                                {pd product} {ergonomic}
    uintx NonProfiledCodeHeapSize                  = 122031976                              {pd product} {ergonomic}
    uintx ProfiledCodeHeapSize                     = 122031976                              {pd product} {ergonomic}
    uintx ReservedCodeCacheSize                    = 251658240                              {pd product} {ergonomic}
     bool SegmentedCodeCache                       = true                                      {product} {ergonomic}
     bool UseCompressedClassPointers               = true                                 {lp64_product} {ergonomic}
     bool UseCompressedOops                        = true                                 {lp64_product} {ergonomic}
     bool UseG1GC                                  = true                                      {product} {ergonomic}
     bool UseLargePagesIndividualAllocation        = false                                  {pd product} {ergonomic}

Logging:
Log output configuration:
 #0: stdout all=warning uptime,level,tags
 #1: stderr all=off uptime,level,tags

Environment Variables:
PATH=C:\Windows\system32;C:\Windows;C:\Windows\System32\Wbem;C:\Windows\System32\WindowsPowerShell\v1.0\;C:\Windows\System32\OpenSSH\;C:\Program Files (x86)\NVIDIA Corporation\PhysX\Common;C:\Program Files\NVIDIA Corporation\NVIDIA NvDLISR;C:\Program Files\dotnet\;C:\Program Files\nodejs\;C:\Program Files\Git\cmd;C:\Users\Jared\AppData\Local\Microsoft\WindowsApps;C:\Users\Jared\.dotnet\tools;C:\Users\Jared\AppData\Roaming\npm
USERNAME=Jared
OS=Windows_NT
PROCESSOR_IDENTIFIER=Intel64 Family 6 Model 165 Stepping 5, GenuineIntel



---------------  S Y S T E M  ---------------

OS: Windows 10 , 64 bit Build 19041 (10.0.19041.1202)
OS uptime: 13 days 4:53 hours

CPU:total 16 (initial active 16) (8 cores per cpu, 2 threads per core) family 6 model 165 stepping 5 microcode 0xca, cmov, cx8, fxsr, mmx, sse, sse2, sse3, ssse3, sse4.1, sse4.2, popcnt, avx, avx2, aes, clmul, erms, 3dnowpref, lzcnt, ht, tsc, tscinvbit, bmi1, bmi2, adx, fma

Memory: 4k page, system-wide physical 16306M (1750M free)
TotalPageFile size 23751M (AvailPageFile size 2792M)
current process WorkingSet (physical memory assigned to process): 419M, peak: 486M
current process commit charge ("private bytes"): 527M, peak: 579M

vm_info: OpenJDK 64-Bit Server VM (11.0.10+0-b96-7249189) for windows-amd64 JRE (11.0.10+0-b96-7249189), built on Mar 31 2021 21:44:00 by "builder" with MS VC++ 14.0 (VS2015)

END.
